2007-04-10 05:18:16	Get POSTS_TEXT_TABLE failed.
	SELECT post_subject, post_text 
	    FROM phpbb_posts_text 
	    WHERE post_id = 
2007-04-10 05:18:16	Get USERS_TABLE failed.
	SELECT username, user_password, user_email 
	    FROM phpbb_users 
	    WHERE user_id = 
2007-04-10 05:18:16	Get FORUMS_TABLE failed.
	SELECT cat_id, forum_topics, auth_read, auth_post, auth_reply 
	    FROM phpbb_forums 
	    WHERE forum_id = 
2007-04-10 06:10:36	Get POSTS_TEXT_TABLE failed.
	SELECT post_subject, post_text 
	    FROM phpbb_posts_text 
	    WHERE post_id = 
2007-04-10 06:10:36	Get USERS_TABLE failed.
	SELECT username, user_password, user_email 
	    FROM phpbb_users 
	    WHERE user_id = 
2007-04-10 06:10:36	Get FORUMS_TABLE failed.
	SELECT cat_id, forum_topics, auth_read, auth_post, auth_reply 
	    FROM phpbb_forums 
	    WHERE forum_id = 
2007-04-10 10:29:50	Get POSTS_TEXT_TABLE failed.
	SELECT post_subject, post_text 
	    FROM phpbb_posts_text 
	    WHERE post_id = 
2007-04-10 10:29:50	Get USERS_TABLE failed.
	SELECT username, user_password, user_email 
	    FROM phpbb_users 
	    WHERE user_id = 
2007-04-10 22:39:14	Get POSTS_TEXT_TABLE failed.
	SELECT post_subject, post_text 
	    FROM phpbb_posts_text 
	    WHERE post_id = 
2007-04-10 22:39:14	Get USERS_TABLE failed.
	SELECT username, user_password, user_email 
	    FROM phpbb_users 
	    WHERE user_id = 
2007-04-10 22:39:14	Get FORUMS_TABLE failed.
	SELECT cat_id, forum_topics, auth_read, auth_post, auth_reply 
	    FROM phpbb_forums 
	    WHERE forum_id = 
