2008-03-01 09:24:26	Get POSTS_TEXT_TABLE failed.
	SELECT post_subject, post_text 
	    FROM phpbb_posts_text 
	    WHERE post_id = 
2008-03-01 09:24:26	Get USERS_TABLE failed.
	SELECT username, user_password, user_email 
	    FROM phpbb_users 
	    WHERE user_id = 
2008-03-02 11:24:27	Get POSTS_TEXT_TABLE failed.
	SELECT post_subject, post_text 
	    FROM phpbb_posts_text 
	    WHERE post_id = 
2008-03-02 11:24:27	Get USERS_TABLE failed.
	SELECT username, user_password, user_email 
	    FROM phpbb_users 
	    WHERE user_id = 
2008-03-02 13:39:25	Get POSTS_TEXT_TABLE failed.
	SELECT post_subject, post_text 
	    FROM phpbb_posts_text 
	    WHERE post_id = 
2008-03-02 13:39:25	Get USERS_TABLE failed.
	SELECT username, user_password, user_email 
	    FROM phpbb_users 
	    WHERE user_id = 
2008-03-08 19:46:46	Get POSTS_TEXT_TABLE failed.
	SELECT post_subject, post_text 
	    FROM phpbb_posts_text 
	    WHERE post_id = 
2008-03-08 19:46:46	Get USERS_TABLE failed.
	SELECT username, user_password, user_email 
	    FROM phpbb_users 
	    WHERE user_id = 
2008-03-11 23:43:38	Get POSTS_TEXT_TABLE failed.
	SELECT post_subject, post_text 
	    FROM phpbb_posts_text 
	    WHERE post_id = 
2008-03-11 23:43:38	Get USERS_TABLE failed.
	SELECT username, user_password, user_email 
	    FROM phpbb_users 
	    WHERE user_id = 
2008-03-12 21:41:20	Get POSTS_TEXT_TABLE failed.
	SELECT post_subject, post_text 
	    FROM phpbb_posts_text 
	    WHERE post_id = 
2008-03-12 21:41:20	Get USERS_TABLE failed.
	SELECT username, user_password, user_email 
	    FROM phpbb_users 
	    WHERE user_id = 
2008-03-13 12:10:13	Get POSTS_TEXT_TABLE failed.
	SELECT post_subject, post_text 
	    FROM phpbb_posts_text 
	    WHERE post_id = 
2008-03-13 12:10:13	Get USERS_TABLE failed.
	SELECT username, user_password, user_email 
	    FROM phpbb_users 
	    WHERE user_id = 
2008-03-13 16:35:45	Get POSTS_TEXT_TABLE failed.
	SELECT post_subject, post_text 
	    FROM phpbb_posts_text 
	    WHERE post_id = 
2008-03-13 16:35:45	Get USERS_TABLE failed.
	SELECT username, user_password, user_email 
	    FROM phpbb_users 
	    WHERE user_id = 
2008-03-13 16:35:51	Get POSTS_TEXT_TABLE failed.
	SELECT post_subject, post_text 
	    FROM phpbb_posts_text 
	    WHERE post_id = 
2008-03-13 16:35:51	Get USERS_TABLE failed.
	SELECT username, user_password, user_email 
	    FROM phpbb_users 
	    WHERE user_id = 
2008-03-14 18:45:43	Get POSTS_TEXT_TABLE failed.
	SELECT post_subject, post_text 
	    FROM phpbb_posts_text 
	    WHERE post_id = 
2008-03-14 18:45:43	Get USERS_TABLE failed.
	SELECT username, user_password, user_email 
	    FROM phpbb_users 
	    WHERE user_id = 
2008-03-14 19:15:53	Get POSTS_TEXT_TABLE failed.
	SELECT post_subject, post_text 
	    FROM phpbb_posts_text 
	    WHERE post_id = 
2008-03-14 19:15:53	Get USERS_TABLE failed.
	SELECT username, user_password, user_email 
	    FROM phpbb_users 
	    WHERE user_id = 
2008-03-14 21:20:44	Get POSTS_TEXT_TABLE failed.
	SELECT post_subject, post_text 
	    FROM phpbb_posts_text 
	    WHERE post_id = 
2008-03-14 21:20:44	Get USERS_TABLE failed.
	SELECT username, user_password, user_email 
	    FROM phpbb_users 
	    WHERE user_id = 
2008-03-21 13:58:00	Get POSTS_TEXT_TABLE failed.
	SELECT post_subject, post_text 
	    FROM phpbb_posts_text 
	    WHERE post_id = 
2008-03-21 13:58:00	Get USERS_TABLE failed.
	SELECT username, user_password, user_email 
	    FROM phpbb_users 
	    WHERE user_id = 
2008-03-25 10:13:16	Get POSTS_TEXT_TABLE failed.
	SELECT post_subject, post_text 
	    FROM phpbb_posts_text 
	    WHERE post_id = 
2008-03-25 10:13:16	Get USERS_TABLE failed.
	SELECT username, user_password, user_email 
	    FROM phpbb_users 
	    WHERE user_id = 
2008-03-25 10:19:39	Get POSTS_TEXT_TABLE failed.
	SELECT post_subject, post_text 
	    FROM phpbb_posts_text 
	    WHERE post_id = 
2008-03-25 10:19:39	Get USERS_TABLE failed.
	SELECT username, user_password, user_email 
	    FROM phpbb_users 
	    WHERE user_id = 
2008-03-25 10:28:36	Get POSTS_TEXT_TABLE failed.
	SELECT post_subject, post_text 
	    FROM phpbb_posts_text 
	    WHERE post_id = 
2008-03-25 10:28:36	Get USERS_TABLE failed.
	SELECT username, user_password, user_email 
	    FROM phpbb_users 
	    WHERE user_id = 
2008-03-26 23:12:21	Get POSTS_TEXT_TABLE failed.
	SELECT post_subject, post_text 
	    FROM phpbb_posts_text 
	    WHERE post_id = 
2008-03-26 23:12:21	Get USERS_TABLE failed.
	SELECT username, user_password, user_email 
	    FROM phpbb_users 
	    WHERE user_id = 
2008-03-27 21:26:23	Get POSTS_TEXT_TABLE failed.
	SELECT post_subject, post_text 
	    FROM phpbb_posts_text 
	    WHERE post_id = 
2008-03-27 21:26:23	Get USERS_TABLE failed.
	SELECT username, user_password, user_email 
	    FROM phpbb_users 
	    WHERE user_id = 
2008-03-27 21:45:12	Get POSTS_TEXT_TABLE failed.
	SELECT post_subject, post_text 
	    FROM phpbb_posts_text 
	    WHERE post_id = 
2008-03-27 21:45:12	Get USERS_TABLE failed.
	SELECT username, user_password, user_email 
	    FROM phpbb_users 
	    WHERE user_id = 
2008-03-28 21:21:58	Get POSTS_TEXT_TABLE failed.
	SELECT post_subject, post_text 
	    FROM phpbb_posts_text 
	    WHERE post_id = 
2008-03-28 21:21:58	Get USERS_TABLE failed.
	SELECT username, user_password, user_email 
	    FROM phpbb_users 
	    WHERE user_id = 
2008-03-28 21:22:05	Get POSTS_TEXT_TABLE failed.
	SELECT post_subject, post_text 
	    FROM phpbb_posts_text 
	    WHERE post_id = 
2008-03-28 21:22:05	Get USERS_TABLE failed.
	SELECT username, user_password, user_email 
	    FROM phpbb_users 
	    WHERE user_id = 
2008-03-28 21:22:10	Get POSTS_TEXT_TABLE failed.
	SELECT post_subject, post_text 
	    FROM phpbb_posts_text 
	    WHERE post_id = 
2008-03-28 21:22:10	Get USERS_TABLE failed.
	SELECT username, user_password, user_email 
	    FROM phpbb_users 
	    WHERE user_id = 
2008-03-28 21:45:55	Get POSTS_TEXT_TABLE failed.
	SELECT post_subject, post_text 
	    FROM phpbb_posts_text 
	    WHERE post_id = 
2008-03-28 21:45:55	Get USERS_TABLE failed.
	SELECT username, user_password, user_email 
	    FROM phpbb_users 
	    WHERE user_id = 
2008-03-29 17:10:37	Get POSTS_TEXT_TABLE failed.
	SELECT post_subject, post_text 
	    FROM phpbb_posts_text 
	    WHERE post_id = 
2008-03-29 17:10:37	Get USERS_TABLE failed.
	SELECT username, user_password, user_email 
	    FROM phpbb_users 
	    WHERE user_id = 
