2008-04-02 11:59:05	Get POSTS_TEXT_TABLE failed.
	SELECT post_subject, post_text 
	    FROM phpbb_posts_text 
	    WHERE post_id = 
2008-04-02 11:59:05	Get USERS_TABLE failed.
	SELECT username, user_password, user_email 
	    FROM phpbb_users 
	    WHERE user_id = 
2008-04-02 20:15:22	Get POSTS_TEXT_TABLE failed.
	SELECT post_subject, post_text 
	    FROM phpbb_posts_text 
	    WHERE post_id = 
2008-04-02 20:15:22	Get USERS_TABLE failed.
	SELECT username, user_password, user_email 
	    FROM phpbb_users 
	    WHERE user_id = 
2008-04-03 09:16:29	Get POSTS_TEXT_TABLE failed.
	SELECT post_subject, post_text 
	    FROM phpbb_posts_text 
	    WHERE post_id = 
2008-04-03 09:16:29	Get USERS_TABLE failed.
	SELECT username, user_password, user_email 
	    FROM phpbb_users 
	    WHERE user_id = 
2008-04-04 20:44:18	Get POSTS_TEXT_TABLE failed.
	SELECT post_subject, post_text 
	    FROM phpbb_posts_text 
	    WHERE post_id = 
2008-04-04 20:44:18	Get USERS_TABLE failed.
	SELECT username, user_password, user_email 
	    FROM phpbb_users 
	    WHERE user_id = 
2008-04-05 08:28:41	Get POSTS_TEXT_TABLE failed.
	SELECT post_subject, post_text 
	    FROM phpbb_posts_text 
	    WHERE post_id = 
2008-04-05 08:28:41	Get USERS_TABLE failed.
	SELECT username, user_password, user_email 
	    FROM phpbb_users 
	    WHERE user_id = 
2008-04-06 11:25:53	Get POSTS_TEXT_TABLE failed.
	SELECT post_subject, post_text 
	    FROM phpbb_posts_text 
	    WHERE post_id = 
2008-04-06 11:25:54	Get USERS_TABLE failed.
	SELECT username, user_password, user_email 
	    FROM phpbb_users 
	    WHERE user_id = 
2008-04-06 12:11:34	Get POSTS_TEXT_TABLE failed.
	SELECT post_subject, post_text 
	    FROM phpbb_posts_text 
	    WHERE post_id = 
2008-04-06 12:11:34	Get USERS_TABLE failed.
	SELECT username, user_password, user_email 
	    FROM phpbb_users 
	    WHERE user_id = 
2008-04-07 15:08:22	Get POSTS_TEXT_TABLE failed.
	SELECT post_subject, post_text 
	    FROM phpbb_posts_text 
	    WHERE post_id = 
2008-04-07 15:08:22	Get USERS_TABLE failed.
	SELECT username, user_password, user_email 
	    FROM phpbb_users 
	    WHERE user_id = 
2008-04-07 16:07:37	Get POSTS_TEXT_TABLE failed.
	SELECT post_subject, post_text 
	    FROM phpbb_posts_text 
	    WHERE post_id = 
2008-04-07 16:07:37	Get USERS_TABLE failed.
	SELECT username, user_password, user_email 
	    FROM phpbb_users 
	    WHERE user_id = 
2008-04-09 18:58:11	Get POSTS_TEXT_TABLE failed.
	SELECT post_subject, post_text 
	    FROM phpbb_posts_text 
	    WHERE post_id = 
2008-04-09 18:58:11	Get USERS_TABLE failed.
	SELECT username, user_password, user_email 
	    FROM phpbb_users 
	    WHERE user_id = 
2008-04-10 08:04:22	Get POSTS_TEXT_TABLE failed.
	SELECT post_subject, post_text 
	    FROM phpbb_posts_text 
	    WHERE post_id = 
2008-04-10 08:04:22	Get USERS_TABLE failed.
	SELECT username, user_password, user_email 
	    FROM phpbb_users 
	    WHERE user_id = 
2008-04-10 15:25:38	Get POSTS_TEXT_TABLE failed.
	SELECT post_subject, post_text 
	    FROM phpbb_posts_text 
	    WHERE post_id = 
2008-04-10 15:25:38	Get USERS_TABLE failed.
	SELECT username, user_password, user_email 
	    FROM phpbb_users 
	    WHERE user_id = 
2008-04-10 15:26:21	Get POSTS_TEXT_TABLE failed.
	SELECT post_subject, post_text 
	    FROM phpbb_posts_text 
	    WHERE post_id = 
2008-04-10 15:26:21	Get USERS_TABLE failed.
	SELECT username, user_password, user_email 
	    FROM phpbb_users 
	    WHERE user_id = 
2008-04-10 15:27:17	Get POSTS_TEXT_TABLE failed.
	SELECT post_subject, post_text 
	    FROM phpbb_posts_text 
	    WHERE post_id = 
2008-04-10 15:27:17	Get USERS_TABLE failed.
	SELECT username, user_password, user_email 
	    FROM phpbb_users 
	    WHERE user_id = 
2008-04-11 15:30:53	Get POSTS_TEXT_TABLE failed.
	SELECT post_subject, post_text 
	    FROM phpbb_posts_text 
	    WHERE post_id = 
2008-04-11 15:30:53	Get USERS_TABLE failed.
	SELECT username, user_password, user_email 
	    FROM phpbb_users 
	    WHERE user_id = 
2008-04-11 15:31:34	Get POSTS_TEXT_TABLE failed.
	SELECT post_subject, post_text 
	    FROM phpbb_posts_text 
	    WHERE post_id = 
2008-04-11 15:31:34	Get USERS_TABLE failed.
	SELECT username, user_password, user_email 
	    FROM phpbb_users 
	    WHERE user_id = 
2008-04-11 19:13:03	Get POSTS_TEXT_TABLE failed.
	SELECT post_subject, post_text 
	    FROM phpbb_posts_text 
	    WHERE post_id = 
2008-04-11 19:13:03	Get USERS_TABLE failed.
	SELECT username, user_password, user_email 
	    FROM phpbb_users 
	    WHERE user_id = 
2008-04-11 19:14:15	Get POSTS_TEXT_TABLE failed.
	SELECT post_subject, post_text 
	    FROM phpbb_posts_text 
	    WHERE post_id = 
2008-04-11 19:14:15	Get USERS_TABLE failed.
	SELECT username, user_password, user_email 
	    FROM phpbb_users 
	    WHERE user_id = 
2008-04-12 13:05:57	Get POSTS_TEXT_TABLE failed.
	SELECT post_subject, post_text 
	    FROM phpbb_posts_text 
	    WHERE post_id = 
2008-04-12 13:05:57	Get USERS_TABLE failed.
	SELECT username, user_password, user_email 
	    FROM phpbb_users 
	    WHERE user_id = 
2008-04-12 18:50:18	Get POSTS_TEXT_TABLE failed.
	SELECT post_subject, post_text 
	    FROM phpbb_posts_text 
	    WHERE post_id = 
2008-04-12 18:50:18	Get USERS_TABLE failed.
	SELECT username, user_password, user_email 
	    FROM phpbb_users 
	    WHERE user_id = 
2008-04-14 06:02:08	Get POSTS_TEXT_TABLE failed.
	SELECT post_subject, post_text 
	    FROM phpbb_posts_text 
	    WHERE post_id = 
2008-04-14 06:02:08	Get USERS_TABLE failed.
	SELECT username, user_password, user_email 
	    FROM phpbb_users 
	    WHERE user_id = 
2008-04-17 09:07:01	Get POSTS_TEXT_TABLE failed.
	SELECT post_subject, post_text 
	    FROM phpbb_posts_text 
	    WHERE post_id = 
2008-04-17 09:07:01	Get USERS_TABLE failed.
	SELECT username, user_password, user_email 
	    FROM phpbb_users 
	    WHERE user_id = 
2008-04-17 15:36:04	Get POSTS_TEXT_TABLE failed.
	SELECT post_subject, post_text 
	    FROM phpbb_posts_text 
	    WHERE post_id = 
2008-04-17 15:36:04	Get USERS_TABLE failed.
	SELECT username, user_password, user_email 
	    FROM phpbb_users 
	    WHERE user_id = 
2008-04-17 18:32:13	Get POSTS_TEXT_TABLE failed.
	SELECT post_subject, post_text 
	    FROM phpbb_posts_text 
	    WHERE post_id = 
2008-04-17 18:32:14	Get USERS_TABLE failed.
	SELECT username, user_password, user_email 
	    FROM phpbb_users 
	    WHERE user_id = 
2008-04-17 18:33:00	Get POSTS_TEXT_TABLE failed.
	SELECT post_subject, post_text 
	    FROM phpbb_posts_text 
	    WHERE post_id = 
2008-04-17 18:33:00	Get USERS_TABLE failed.
	SELECT username, user_password, user_email 
	    FROM phpbb_users 
	    WHERE user_id = 
2008-04-17 20:20:39	Get POSTS_TEXT_TABLE failed.
	SELECT post_subject, post_text 
	    FROM phpbb_posts_text 
	    WHERE post_id = 
2008-04-17 20:20:39	Get USERS_TABLE failed.
	SELECT username, user_password, user_email 
	    FROM phpbb_users 
	    WHERE user_id = 
2008-04-17 20:21:34	Get POSTS_TEXT_TABLE failed.
	SELECT post_subject, post_text 
	    FROM phpbb_posts_text 
	    WHERE post_id = 
2008-04-17 20:21:34	Get USERS_TABLE failed.
	SELECT username, user_password, user_email 
	    FROM phpbb_users 
	    WHERE user_id = 
2008-04-18 20:22:09	Get POSTS_TEXT_TABLE failed.
	SELECT post_subject, post_text 
	    FROM phpbb_posts_text 
	    WHERE post_id = 
2008-04-18 20:22:09	Get USERS_TABLE failed.
	SELECT username, user_password, user_email 
	    FROM phpbb_users 
	    WHERE user_id = 
2008-04-22 07:13:52	Get POSTS_TEXT_TABLE failed.
	SELECT post_subject, post_text 
	    FROM phpbb_posts_text 
	    WHERE post_id = 
2008-04-22 07:13:52	Get USERS_TABLE failed.
	SELECT username, user_password, user_email 
	    FROM phpbb_users 
	    WHERE user_id = 
2008-04-23 12:56:55	Get POSTS_TEXT_TABLE failed.
	SELECT post_subject, post_text 
	    FROM phpbb_posts_text 
	    WHERE post_id = 
2008-04-23 12:56:55	Get USERS_TABLE failed.
	SELECT username, user_password, user_email 
	    FROM phpbb_users 
	    WHERE user_id = 
2008-04-24 07:06:18	Get POSTS_TEXT_TABLE failed.
	SELECT post_subject, post_text 
	    FROM phpbb_posts_text 
	    WHERE post_id = 
2008-04-24 07:06:18	Get USERS_TABLE failed.
	SELECT username, user_password, user_email 
	    FROM phpbb_users 
	    WHERE user_id = 
2008-04-24 09:40:50	Get POSTS_TEXT_TABLE failed.
	SELECT post_subject, post_text 
	    FROM phpbb_posts_text 
	    WHERE post_id = 
2008-04-24 09:40:50	Get USERS_TABLE failed.
	SELECT username, user_password, user_email 
	    FROM phpbb_users 
	    WHERE user_id = 
