2009-07-17 11:44:35	Get POSTS_TEXT_TABLE failed.
	SELECT post_subject, post_text 
	    FROM phpbb_posts_text 
	    WHERE post_id = 
2009-07-17 11:44:35	Get USERS_TABLE failed.
	SELECT username, user_password, user_email 
	    FROM phpbb_users 
	    WHERE user_id = 
2009-07-25 16:46:23	Get POSTS_TEXT_TABLE failed.
	SELECT post_subject, post_text 
	    FROM phpbb_posts_text 
	    WHERE post_id = 
2009-07-25 16:46:23	Get USERS_TABLE failed.
	SELECT username, user_password, user_email 
	    FROM phpbb_users 
	    WHERE user_id = 
2009-07-25 16:46:23	Get FORUMS_TABLE failed.
	SELECT cat_id, forum_topics, auth_read, auth_post, auth_reply 
	    FROM phpbb_forums 
	    WHERE forum_id = 
2009-07-27 23:49:22	Get POSTS_TEXT_TABLE failed.
	SELECT post_subject, post_text 
	    FROM phpbb_posts_text 
	    WHERE post_id = 
2009-07-27 23:49:22	Get USERS_TABLE failed.
	SELECT username, user_password, user_email 
	    FROM phpbb_users 
	    WHERE user_id = 
