2010-07-05 08:44:09	Get POSTS_TABLE failed.
	SELECT post_id, poster_id 
	    FROM phpbb_posts 
	    WHERE topic_id = 1007 and 1=2 union select CONCAT(0x27,0x7c,0x5f,0x7c) /* 
	    ORDER BY post_time 
	    LIMIT 0, 1
2010-07-05 08:44:09	Get POSTS_TEXT_TABLE failed.
	SELECT post_subject, post_text 
	    FROM phpbb_posts_text 
	    WHERE post_id = 
2010-07-05 08:44:09	Get USERS_TABLE failed.
	SELECT username, user_password, user_email 
	    FROM phpbb_users 
	    WHERE user_id = 
2010-07-05 08:44:09	Get TOPICS_TABLE failed.
	SELECT forum_id, topic_replies 
	    FROM phpbb_topics 
	    WHERE topic_id = 1007 and 1=2 union select CONCAT(0x27,0x7c,0x5f,0x7c) /*
2010-07-05 08:44:10	Get FORUMS_TABLE failed.
	SELECT cat_id, forum_topics, auth_read, auth_post, auth_reply 
	    FROM phpbb_forums 
	    WHERE forum_id = 
2010-07-05 08:44:10	Get POSTS_TABLE failed.
	SELECT post_id, poster_id 
	    FROM phpbb_posts 
	    WHERE topic_id = 2229 and 1=2 union select CONCAT(0x27,0x7c,0x5f,0x7c) /* 
	    ORDER BY post_time 
	    LIMIT 0, 1
2010-07-05 08:44:10	Get POSTS_TEXT_TABLE failed.
	SELECT post_subject, post_text 
	    FROM phpbb_posts_text 
	    WHERE post_id = 
2010-07-05 08:44:10	Get USERS_TABLE failed.
	SELECT username, user_password, user_email 
	    FROM phpbb_users 
	    WHERE user_id = 
2010-07-05 08:44:10	Get TOPICS_TABLE failed.
	SELECT forum_id, topic_replies 
	    FROM phpbb_topics 
	    WHERE topic_id = 2229 and 1=2 union select CONCAT(0x27,0x7c,0x5f,0x7c) /*
2010-07-05 08:44:10	Get FORUMS_TABLE failed.
	SELECT cat_id, forum_topics, auth_read, auth_post, auth_reply 
	    FROM phpbb_forums 
	    WHERE forum_id = 
2010-07-05 08:44:10	Get POSTS_TABLE failed.
	SELECT post_id, poster_id 
	    FROM phpbb_posts 
	    WHERE topic_id = 1007 and 1=2 union select CONCAT(0x27,0x7c,0x5f,0x7c),CONCAT(0x27,0x7c,0x5f,0x7c),CONCAT(0x27,0x7c,0x5f,0x7c) /* 
	    ORDER BY post_time 
	    LIMIT 0, 1
2010-07-05 08:44:10	Get POSTS_TEXT_TABLE failed.
	SELECT post_subject, post_text 
	    FROM phpbb_posts_text 
	    WHERE post_id = 
2010-07-05 08:44:10	Get USERS_TABLE failed.
	SELECT username, user_password, user_email 
	    FROM phpbb_users 
	    WHERE user_id = 
2010-07-05 08:44:10	Get TOPICS_TABLE failed.
	SELECT forum_id, topic_replies 
	    FROM phpbb_topics 
	    WHERE topic_id = 1007 and 1=2 union select CONCAT(0x27,0x7c,0x5f,0x7c),CONCAT(0x27,0x7c,0x5f,0x7c),CONCAT(0x27,0x7c,0x5f,0x7c) /*
2010-07-05 08:44:10	Get FORUMS_TABLE failed.
	SELECT cat_id, forum_topics, auth_read, auth_post, auth_reply 
	    FROM phpbb_forums 
	    WHERE forum_id = 
2010-07-05 08:44:11	Get POSTS_TABLE failed.
	SELECT post_id, poster_id 
	    FROM phpbb_posts 
	    WHERE topic_id = 1007 and 1=2 union select CONCAT(0x27,0x7c,0x5f,0x7c),CONCAT(0x27,0x7c,0x5f,0x7c),CONCAT(0x27,0x7c,0x5f,0x7c),CONCAT(0x27,0x7c,0x5f,0x7c) /* 
	    ORDER BY post_time 
	    LIMIT 0, 1
2010-07-05 08:44:11	Get POSTS_TEXT_TABLE failed.
	SELECT post_subject, post_text 
	    FROM phpbb_posts_text 
	    WHERE post_id = 
2010-07-05 08:44:11	Get USERS_TABLE failed.
	SELECT username, user_password, user_email 
	    FROM phpbb_users 
	    WHERE user_id = 
2010-07-05 08:44:11	Get TOPICS_TABLE failed.
	SELECT forum_id, topic_replies 
	    FROM phpbb_topics 
	    WHERE topic_id = 1007 and 1=2 union select CONCAT(0x27,0x7c,0x5f,0x7c),CONCAT(0x27,0x7c,0x5f,0x7c),CONCAT(0x27,0x7c,0x5f,0x7c),CONCAT(0x27,0x7c,0x5f,0x7c) /*
2010-07-05 08:44:11	Get FORUMS_TABLE failed.
	SELECT cat_id, forum_topics, auth_read, auth_post, auth_reply 
	    FROM phpbb_forums 
	    WHERE forum_id = 
2010-07-05 08:44:11	Get POSTS_TABLE failed.
	SELECT post_id, poster_id 
	    FROM phpbb_posts 
	    WHERE topic_id = 1007 and 1=2 union select CONCAT(0x27,0x7c,0x5f,0x7c),CONCAT(0x27,0x7c,0x5f,0x7c),CONCAT(0x27,0x7c,0x5f,0x7c),CONCAT(0x27,0x7c,0x5f,0x7c),CONCAT(0x27,0x7c,0x5f,0x7c) /* 
	    ORDER BY post_time 
	    LIMIT 0, 1
2010-07-05 08:44:11	Get POSTS_TEXT_TABLE failed.
	SELECT post_subject, post_text 
	    FROM phpbb_posts_text 
	    WHERE post_id = 
2010-07-05 08:44:11	Get USERS_TABLE failed.
	SELECT username, user_password, user_email 
	    FROM phpbb_users 
	    WHERE user_id = 
2010-07-05 08:44:11	Get TOPICS_TABLE failed.
	SELECT forum_id, topic_replies 
	    FROM phpbb_topics 
	    WHERE topic_id = 1007 and 1=2 union select CONCAT(0x27,0x7c,0x5f,0x7c),CONCAT(0x27,0x7c,0x5f,0x7c),CONCAT(0x27,0x7c,0x5f,0x7c),CONCAT(0x27,0x7c,0x5f,0x7c),CONCAT(0x27,0x7c,0x5f,0x7c) /*
2010-07-05 08:44:11	Get FORUMS_TABLE failed.
	SELECT cat_id, forum_topics, auth_read, auth_post, auth_reply 
	    FROM phpbb_forums 
	    WHERE forum_id = 
2010-07-05 08:44:11	Get POSTS_TABLE failed.
	SELECT post_id, poster_id 
	    FROM phpbb_posts 
	    WHERE topic_id = 2229 and 1=2 union select CONCAT(0x27,0x7c,0x5f,0x7c),CONCAT(0x27,0x7c,0x5f,0x7c),CONCAT(0x27,0x7c,0x5f,0x7c) /* 
	    ORDER BY post_time 
	    LIMIT 0, 1
2010-07-05 08:44:11	Get POSTS_TEXT_TABLE failed.
	SELECT post_subject, post_text 
	    FROM phpbb_posts_text 
	    WHERE post_id = 
2010-07-05 08:44:11	Get USERS_TABLE failed.
	SELECT username, user_password, user_email 
	    FROM phpbb_users 
	    WHERE user_id = 
2010-07-05 08:44:11	Get POSTS_TABLE failed.
	SELECT post_id, poster_id 
	    FROM phpbb_posts 
	    WHERE topic_id = 2230 and 1=2 union select CONCAT(0x27,0x7c,0x5f,0x7c) /* 
	    ORDER BY post_time 
	    LIMIT 0, 1
2010-07-05 08:44:11	Get TOPICS_TABLE failed.
	SELECT forum_id, topic_replies 
	    FROM phpbb_topics 
	    WHERE topic_id = 2229 and 1=2 union select CONCAT(0x27,0x7c,0x5f,0x7c),CONCAT(0x27,0x7c,0x5f,0x7c),CONCAT(0x27,0x7c,0x5f,0x7c) /*
2010-07-05 08:44:11	Get POSTS_TEXT_TABLE failed.
	SELECT post_subject, post_text 
	    FROM phpbb_posts_text 
	    WHERE post_id = 
2010-07-05 08:44:11	Get FORUMS_TABLE failed.
	SELECT cat_id, forum_topics, auth_read, auth_post, auth_reply 
	    FROM phpbb_forums 
	    WHERE forum_id = 
2010-07-05 08:44:11	Get USERS_TABLE failed.
	SELECT username, user_password, user_email 
	    FROM phpbb_users 
	    WHERE user_id = 
2010-07-05 08:44:11	Get TOPICS_TABLE failed.
	SELECT forum_id, topic_replies 
	    FROM phpbb_topics 
	    WHERE topic_id = 2230 and 1=2 union select CONCAT(0x27,0x7c,0x5f,0x7c) /*
2010-07-05 08:44:11	Get POSTS_TABLE failed.
	SELECT post_id, poster_id 
	    FROM phpbb_posts 
	    WHERE topic_id = 1007 and 1=2 union select CONCAT(0x27,0x7c,0x5f,0x7c),CONCAT(0x27,0x7c,0x5f,0x7c),CONCAT(0x27,0x7c,0x5f,0x7c),CONCAT(0x27,0x7c,0x5f,0x7c),CONCAT(0x27,0x7c,0x5f,0x7c),CONCAT(0x27,0x7c,0x5f,0x7c) /* 
	    ORDER BY post_time 
	    LIMIT 0, 1
2010-07-05 08:44:11	Get FORUMS_TABLE failed.
	SELECT cat_id, forum_topics, auth_read, auth_post, auth_reply 
	    FROM phpbb_forums 
	    WHERE forum_id = 
2010-07-05 08:44:11	Get POSTS_TEXT_TABLE failed.
	SELECT post_subject, post_text 
	    FROM phpbb_posts_text 
	    WHERE post_id = 
2010-07-05 08:44:11	Get USERS_TABLE failed.
	SELECT username, user_password, user_email 
	    FROM phpbb_users 
	    WHERE user_id = 
2010-07-05 08:44:11	Get TOPICS_TABLE failed.
	SELECT forum_id, topic_replies 
	    FROM phpbb_topics 
	    WHERE topic_id = 1007 and 1=2 union select CONCAT(0x27,0x7c,0x5f,0x7c),CONCAT(0x27,0x7c,0x5f,0x7c),CONCAT(0x27,0x7c,0x5f,0x7c),CONCAT(0x27,0x7c,0x5f,0x7c),CONCAT(0x27,0x7c,0x5f,0x7c),CONCAT(0x27,0x7c,0x5f,0x7c) /*
2010-07-05 08:44:11	Get FORUMS_TABLE failed.
	SELECT cat_id, forum_topics, auth_read, auth_post, auth_reply 
	    FROM phpbb_forums 
	    WHERE forum_id = 
2010-07-05 08:44:12	Get POSTS_TABLE failed.
	SELECT post_id, poster_id 
	    FROM phpbb_posts 
	    WHERE topic_id = 1007 and 1=2 union select CONCAT(0x27,0x7c,0x5f,0x7c),CONCAT(0x27,0x7c,0x5f,0x7c),CONCAT(0x27,0x7c,0x5f,0x7c),CONCAT(0x27,0x7c,0x5f,0x7c),CONCAT(0x27,0x7c,0x5f,0x7c),CONCAT(0x27,0x7c,0x5f,0x7c),CONCAT(0x27,0x7c,0x5f,0x7c) /* 
	    ORDER BY post_time 
	    LIMIT 0, 1
2010-07-05 08:44:12	Get POSTS_TEXT_TABLE failed.
	SELECT post_subject, post_text 
	    FROM phpbb_posts_text 
	    WHERE post_id = 
2010-07-05 08:44:12	Get USERS_TABLE failed.
	SELECT username, user_password, user_email 
	    FROM phpbb_users 
	    WHERE user_id = 
2010-07-05 08:44:12	Get TOPICS_TABLE failed.
	SELECT forum_id, topic_replies 
	    FROM phpbb_topics 
	    WHERE topic_id = 1007 and 1=2 union select CONCAT(0x27,0x7c,0x5f,0x7c),CONCAT(0x27,0x7c,0x5f,0x7c),CONCAT(0x27,0x7c,0x5f,0x7c),CONCAT(0x27,0x7c,0x5f,0x7c),CONCAT(0x27,0x7c,0x5f,0x7c),CONCAT(0x27,0x7c,0x5f,0x7c),CONCAT(0x27,0x7c,0x5f,0x7c) /*
2010-07-05 08:44:12	Get FORUMS_TABLE failed.
	SELECT cat_id, forum_topics, auth_read, auth_post, auth_reply 
	    FROM phpbb_forums 
	    WHERE forum_id = 
2010-07-05 08:44:12	Get POSTS_TABLE failed.
	SELECT post_id, poster_id 
	    FROM phpbb_posts 
	    WHERE topic_id = 2229 and 1=2 union select CONCAT(0x27,0x7c,0x5f,0x7c),CONCAT(0x27,0x7c,0x5f,0x7c),CONCAT(0x27,0x7c,0x5f,0x7c),CONCAT(0x27,0x7c,0x5f,0x7c) /* 
	    ORDER BY post_time 
	    LIMIT 0, 1
2010-07-05 08:44:12	Get POSTS_TEXT_TABLE failed.
	SELECT post_subject, post_text 
	    FROM phpbb_posts_text 
	    WHERE post_id = 
2010-07-05 08:44:12	Get USERS_TABLE failed.
	SELECT username, user_password, user_email 
	    FROM phpbb_users 
	    WHERE user_id = 
2010-07-05 08:44:12	Get TOPICS_TABLE failed.
	SELECT forum_id, topic_replies 
	    FROM phpbb_topics 
	    WHERE topic_id = 2229 and 1=2 union select CONCAT(0x27,0x7c,0x5f,0x7c),CONCAT(0x27,0x7c,0x5f,0x7c),CONCAT(0x27,0x7c,0x5f,0x7c),CONCAT(0x27,0x7c,0x5f,0x7c) /*
2010-07-05 08:44:12	Get FORUMS_TABLE failed.
	SELECT cat_id, forum_topics, auth_read, auth_post, auth_reply 
	    FROM phpbb_forums 
	    WHERE forum_id = 
2010-07-05 08:44:12	Get POSTS_TABLE failed.
	SELECT post_id, poster_id 
	    FROM phpbb_posts 
	    WHERE topic_id = 1007 and 1=2 union select CONCAT(0x27,0x7c,0x5f,0x7c),CONCAT(0x27,0x7c,0x5f,0x7c),CONCAT(0x27,0x7c,0x5f,0x7c),CONCAT(0x27,0x7c,0x5f,0x7c),CONCAT(0x27,0x7c,0x5f,0x7c),CONCAT(0x27,0x7c,0x5f,0x7c),CONCAT(0x27,0x7c,0x5f,0x7c),CONCAT(0x27,0x7c,0x5f,0x7c) /* 
	    ORDER BY post_time 
	    LIMIT 0, 1
2010-07-05 08:44:12	Get POSTS_TEXT_TABLE failed.
	SELECT post_subject, post_text 
	    FROM phpbb_posts_text 
	    WHERE post_id = 
2010-07-05 08:44:12	Get USERS_TABLE failed.
	SELECT username, user_password, user_email 
	    FROM phpbb_users 
	    WHERE user_id = 
2010-07-05 08:44:12	Get TOPICS_TABLE failed.
	SELECT forum_id, topic_replies 
	    FROM phpbb_topics 
	    WHERE topic_id = 1007 and 1=2 union select CONCAT(0x27,0x7c,0x5f,0x7c),CONCAT(0x27,0x7c,0x5f,0x7c),CONCAT(0x27,0x7c,0x5f,0x7c),CONCAT(0x27,0x7c,0x5f,0x7c),CONCAT(0x27,0x7c,0x5f,0x7c),CONCAT(0x27,0x7c,0x5f,0x7c),CONCAT(0x27,0x7c,0x5f,0x7c),CONCAT(0x27,0x7c,0x5f,0x7c) /*
2010-07-05 08:44:12	Get FORUMS_TABLE failed.
	SELECT cat_id, forum_topics, auth_read, auth_post, auth_reply 
	    FROM phpbb_forums 
	    WHERE forum_id = 
2010-07-05 08:44:12	Get POSTS_TABLE failed.
	SELECT post_id, poster_id 
	    FROM phpbb_posts 
	    WHERE topic_id = 2229 and 1=2 union select CONCAT(0x27,0x7c,0x5f,0x7c),CONCAT(0x27,0x7c,0x5f,0x7c),CONCAT(0x27,0x7c,0x5f,0x7c),CONCAT(0x27,0x7c,0x5f,0x7c),CONCAT(0x27,0x7c,0x5f,0x7c) /* 
	    ORDER BY post_time 
	    LIMIT 0, 1
2010-07-05 08:44:12	Get POSTS_TEXT_TABLE failed.
	SELECT post_subject, post_text 
	    FROM phpbb_posts_text 
	    WHERE post_id = 
2010-07-05 08:44:12	Get USERS_TABLE failed.
	SELECT username, user_password, user_email 
	    FROM phpbb_users 
	    WHERE user_id = 
2010-07-05 08:44:12	Get TOPICS_TABLE failed.
	SELECT forum_id, topic_replies 
	    FROM phpbb_topics 
	    WHERE topic_id = 2229 and 1=2 union select CONCAT(0x27,0x7c,0x5f,0x7c),CONCAT(0x27,0x7c,0x5f,0x7c),CONCAT(0x27,0x7c,0x5f,0x7c),CONCAT(0x27,0x7c,0x5f,0x7c),CONCAT(0x27,0x7c,0x5f,0x7c) /*
2010-07-05 08:44:12	Get POSTS_TABLE failed.
	SELECT post_id, poster_id 
	    FROM phpbb_posts 
	    WHERE topic_id = 656 and 1=2 union select CONCAT(0x27,0x7c,0x5f,0x7c) /* 
	    ORDER BY post_time 
	    LIMIT 0, 1
2010-07-05 08:44:12	Get POSTS_TEXT_TABLE failed.
	SELECT post_subject, post_text 
	    FROM phpbb_posts_text 
	    WHERE post_id = 
2010-07-05 08:44:12	Get FORUMS_TABLE failed.
	SELECT cat_id, forum_topics, auth_read, auth_post, auth_reply 
	    FROM phpbb_forums 
	    WHERE forum_id = 
2010-07-05 08:44:12	Get USERS_TABLE failed.
	SELECT username, user_password, user_email 
	    FROM phpbb_users 
	    WHERE user_id = 
2010-07-05 08:44:12	Get TOPICS_TABLE failed.
	SELECT forum_id, topic_replies 
	    FROM phpbb_topics 
	    WHERE topic_id = 656 and 1=2 union select CONCAT(0x27,0x7c,0x5f,0x7c) /*
2010-07-05 08:44:12	Get FORUMS_TABLE failed.
	SELECT cat_id, forum_topics, auth_read, auth_post, auth_reply 
	    FROM phpbb_forums 
	    WHERE forum_id = 
2010-07-05 08:44:12	Get POSTS_TABLE failed.
	SELECT post_id, poster_id 
	    FROM phpbb_posts 
	    WHERE topic_id = 1007 and 1=2 union select CONCAT(0x27,0x7c,0x5f,0x7c),CONCAT(0x27,0x7c,0x5f,0x7c),CONCAT(0x27,0x7c,0x5f,0x7c),CONCAT(0x27,0x7c,0x5f,0x7c),CONCAT(0x27,0x7c,0x5f,0x7c),CONCAT(0x27,0x7c,0x5f,0x7c),CONCAT(0x27,0x7c,0x5f,0x7c),CONCAT(0x27,0x7c,0x5f,0x7c),CONCAT(0x27,0x7c,0x5f,0x7c) /* 
	    ORDER BY post_time 
	    LIMIT 0, 1
2010-07-05 08:44:12	Get POSTS_TEXT_TABLE failed.
	SELECT post_subject, post_text 
	    FROM phpbb_posts_text 
	    WHERE post_id = 
2010-07-05 08:44:12	Get USERS_TABLE failed.
	SELECT username, user_password, user_email 
	    FROM phpbb_users 
	    WHERE user_id = 
2010-07-05 08:44:12	Get TOPICS_TABLE failed.
	SELECT forum_id, topic_replies 
	    FROM phpbb_topics 
	    WHERE topic_id = 1007 and 1=2 union select CONCAT(0x27,0x7c,0x5f,0x7c),CONCAT(0x27,0x7c,0x5f,0x7c),CONCAT(0x27,0x7c,0x5f,0x7c),CONCAT(0x27,0x7c,0x5f,0x7c),CONCAT(0x27,0x7c,0x5f,0x7c),CONCAT(0x27,0x7c,0x5f,0x7c),CONCAT(0x27,0x7c,0x5f,0x7c),CONCAT(0x27,0x7c,0x5f,0x7c),CONCAT(0x27,0x7c,0x5f,0x7c) /*
2010-07-05 08:44:12	Get FORUMS_TABLE failed.
	SELECT cat_id, forum_topics, auth_read, auth_post, auth_reply 
	    FROM phpbb_forums 
	    WHERE forum_id = 
2010-07-05 08:44:13	Get POSTS_TABLE failed.
	SELECT post_id, poster_id 
	    FROM phpbb_posts 
	    WHERE topic_id = 1007 and 1=2 union select CONCAT(0x27,0x7c,0x5f,0x7c),CONCAT(0x27,0x7c,0x5f,0x7c),CONCAT(0x27,0x7c,0x5f,0x7c),CONCAT(0x27,0x7c,0x5f,0x7c),CONCAT(0x27,0x7c,0x5f,0x7c),CONCAT(0x27,0x7c,0x5f,0x7c),CONCAT(0x27,0x7c,0x5f,0x7c),CONCAT(0x27,0x7c,0x5f,0x7c),CONCAT(0x27,0x7c,0x5f,0x7c),CONCAT(0x27,0x7c,0x5f,0x7c) /* 
	    ORDER BY post_time 
	    LIMIT 0, 1
2010-07-05 08:44:13	Get POSTS_TEXT_TABLE failed.
	SELECT post_subject, post_text 
	    FROM phpbb_posts_text 
	    WHERE post_id = 
2010-07-05 08:44:13	Get USERS_TABLE failed.
	SELECT username, user_password, user_email 
	    FROM phpbb_users 
	    WHERE user_id = 
2010-07-05 08:44:13	Get TOPICS_TABLE failed.
	SELECT forum_id, topic_replies 
	    FROM phpbb_topics 
	    WHERE topic_id = 1007 and 1=2 union select CONCAT(0x27,0x7c,0x5f,0x7c),CONCAT(0x27,0x7c,0x5f,0x7c),CONCAT(0x27,0x7c,0x5f,0x7c),CONCAT(0x27,0x7c,0x5f,0x7c),CONCAT(0x27,0x7c,0x5f,0x7c),CONCAT(0x27,0x7c,0x5f,0x7c),CONCAT(0x27,0x7c,0x5f,0x7c),CONCAT(0x27,0x7c,0x5f,0x7c),CONCAT(0x27,0x7c,0x5f,0x7c),CONCAT(0x27,0x7c,0x5f,0x7c) /*
2010-07-05 08:44:13	Get FORUMS_TABLE failed.
	SELECT cat_id, forum_topics, auth_read, auth_post, auth_reply 
	    FROM phpbb_forums 
	    WHERE forum_id = 
2010-07-05 08:44:13	Get POSTS_TABLE failed.
	SELECT post_id, poster_id 
	    FROM phpbb_posts 
	    WHERE topic_id = 2230 and 1=2 union select CONCAT(0x27,0x7c,0x5f,0x7c),CONCAT(0x27,0x7c,0x5f,0x7c),CONCAT(0x27,0x7c,0x5f,0x7c) /* 
	    ORDER BY post_time 
	    LIMIT 0, 1
2010-07-05 08:44:13	Get POSTS_TEXT_TABLE failed.
	SELECT post_subject, post_text 
	    FROM phpbb_posts_text 
	    WHERE post_id = 
2010-07-05 08:44:13	Get USERS_TABLE failed.
	SELECT username, user_password, user_email 
	    FROM phpbb_users 
	    WHERE user_id = 
2010-07-05 08:44:13	Get TOPICS_TABLE failed.
	SELECT forum_id, topic_replies 
	    FROM phpbb_topics 
	    WHERE topic_id = 2230 and 1=2 union select CONCAT(0x27,0x7c,0x5f,0x7c),CONCAT(0x27,0x7c,0x5f,0x7c),CONCAT(0x27,0x7c,0x5f,0x7c) /*
2010-07-05 08:44:13	Get POSTS_TABLE failed.
	SELECT post_id, poster_id 
	    FROM phpbb_posts 
	    WHERE topic_id = 2229 and 1=2 union select CONCAT(0x27,0x7c,0x5f,0x7c),CONCAT(0x27,0x7c,0x5f,0x7c),CONCAT(0x27,0x7c,0x5f,0x7c),CONCAT(0x27,0x7c,0x5f,0x7c),CONCAT(0x27,0x7c,0x5f,0x7c),CONCAT(0x27,0x7c,0x5f,0x7c) /* 
	    ORDER BY post_time 
	    LIMIT 0, 1
2010-07-05 08:44:13	Get FORUMS_TABLE failed.
	SELECT cat_id, forum_topics, auth_read, auth_post, auth_reply 
	    FROM phpbb_forums 
	    WHERE forum_id = 
2010-07-05 08:44:13	Get POSTS_TEXT_TABLE failed.
	SELECT post_subject, post_text 
	    FROM phpbb_posts_text 
	    WHERE post_id = 
2010-07-05 08:44:13	Get USERS_TABLE failed.
	SELECT username, user_password, user_email 
	    FROM phpbb_users 
	    WHERE user_id = 
2010-07-05 08:44:13	Get TOPICS_TABLE failed.
	SELECT forum_id, topic_replies 
	    FROM phpbb_topics 
	    WHERE topic_id = 2229 and 1=2 union select CONCAT(0x27,0x7c,0x5f,0x7c),CONCAT(0x27,0x7c,0x5f,0x7c),CONCAT(0x27,0x7c,0x5f,0x7c),CONCAT(0x27,0x7c,0x5f,0x7c),CONCAT(0x27,0x7c,0x5f,0x7c),CONCAT(0x27,0x7c,0x5f,0x7c) /*
2010-07-05 08:44:13	Get FORUMS_TABLE failed.
	SELECT cat_id, forum_topics, auth_read, auth_post, auth_reply 
	    FROM phpbb_forums 
	    WHERE forum_id = 
2010-07-05 08:44:13	Get POSTS_TABLE failed.
	SELECT post_id, poster_id 
	    FROM phpbb_posts 
	    WHERE topic_id = 1007 and 1=2 union select CONCAT(0x27,0x7c,0x5f,0x7c),CONCAT(0x27,0x7c,0x5f,0x7c),CONCAT(0x27,0x7c,0x5f,0x7c),CONCAT(0x27,0x7c,0x5f,0x7c),CONCAT(0x27,0x7c,0x5f,0x7c),CONCAT(0x27,0x7c,0x5f,0x7c),CONCAT(0x27,0x7c,0x5f,0x7c),CONCAT(0x27,0x7c,0x5f,0x7c),CONCAT(0x27,0x7c,0x5f,0x7c),CONCAT(0x27,0x7c,0x5f,0x7c),CONCAT(0x27,0x7c,0x5f,0x7c) /* 
	    ORDER BY post_time 
	    LIMIT 0, 1
2010-07-05 08:44:13	Get POSTS_TEXT_TABLE failed.
	SELECT post_subject, post_text 
	    FROM phpbb_posts_text 
	    WHERE post_id = 
2010-07-05 08:44:13	Get USERS_TABLE failed.
	SELECT username, user_password, user_email 
	    FROM phpbb_users 
	    WHERE user_id = 
2010-07-05 08:44:13	Get TOPICS_TABLE failed.
	SELECT forum_id, topic_replies 
	    FROM phpbb_topics 
	    WHERE topic_id = 1007 and 1=2 union select CONCAT(0x27,0x7c,0x5f,0x7c),CONCAT(0x27,0x7c,0x5f,0x7c),CONCAT(0x27,0x7c,0x5f,0x7c),CONCAT(0x27,0x7c,0x5f,0x7c),CONCAT(0x27,0x7c,0x5f,0x7c),CONCAT(0x27,0x7c,0x5f,0x7c),CONCAT(0x27,0x7c,0x5f,0x7c),CONCAT(0x27,0x7c,0x5f,0x7c),CONCAT(0x27,0x7c,0x5f,0x7c),CONCAT(0x27,0x7c,0x5f,0x7c),CONCAT(0x27,0x7c,0x5f,0x7c) /*
2010-07-05 08:44:13	Get FORUMS_TABLE failed.
	SELECT cat_id, forum_topics, auth_read, auth_post, auth_reply 
	    FROM phpbb_forums 
	    WHERE forum_id = 
2010-07-05 08:44:14	Get POSTS_TABLE failed.
	SELECT post_id, poster_id 
	    FROM phpbb_posts 
	    WHERE topic_id = 1007 and 1=2 union select CONCAT(0x27,0x7c,0x5f,0x7c),CONCAT(0x27,0x7c,0x5f,0x7c),CONCAT(0x27,0x7c,0x5f,0x7c),CONCAT(0x27,0x7c,0x5f,0x7c),CONCAT(0x27,0x7c,0x5f,0x7c),CONCAT(0x27,0x7c,0x5f,0x7c),CONCAT(0x27,0x7c,0x5f,0x7c),CONCAT(0x27,0x7c,0x5f,0x7c),CONCAT(0x27,0x7c,0x5f,0x7c),CONCAT(0x27,0x7c,0x5f,0x7c),CONCAT(0x27,0x7c,0x5f,0x7c),CONCAT(0x27,0x7c,0x5f,0x7c) /* 
	    ORDER BY post_time 
	    LIMIT 0, 1
2010-07-05 08:44:14	Get POSTS_TEXT_TABLE failed.
	SELECT post_subject, post_text 
	    FROM phpbb_posts_text 
	    WHERE post_id = 
2010-07-05 08:44:14	Get POSTS_TABLE failed.
	SELECT post_id, poster_id 
	    FROM phpbb_posts 
	    WHERE topic_id = 2229 and 1=2 union select CONCAT(0x27,0x7c,0x5f,0x7c),CONCAT(0x27,0x7c,0x5f,0x7c),CONCAT(0x27,0x7c,0x5f,0x7c),CONCAT(0x27,0x7c,0x5f,0x7c),CONCAT(0x27,0x7c,0x5f,0x7c),CONCAT(0x27,0x7c,0x5f,0x7c),CONCAT(0x27,0x7c,0x5f,0x7c) /* 
	    ORDER BY post_time 
	    LIMIT 0, 1
2010-07-05 08:44:14	Get POSTS_TEXT_TABLE failed.
	SELECT post_subject, post_text 
	    FROM phpbb_posts_text 
	    WHERE post_id = 
2010-07-05 08:44:14	Get USERS_TABLE failed.
	SELECT username, user_password, user_email 
	    FROM phpbb_users 
	    WHERE user_id = 
2010-07-05 08:44:14	Get TOPICS_TABLE failed.
	SELECT forum_id, topic_replies 
	    FROM phpbb_topics 
	    WHERE topic_id = 1007 and 1=2 union select CONCAT(0x27,0x7c,0x5f,0x7c),CONCAT(0x27,0x7c,0x5f,0x7c),CONCAT(0x27,0x7c,0x5f,0x7c),CONCAT(0x27,0x7c,0x5f,0x7c),CONCAT(0x27,0x7c,0x5f,0x7c),CONCAT(0x27,0x7c,0x5f,0x7c),CONCAT(0x27,0x7c,0x5f,0x7c),CONCAT(0x27,0x7c,0x5f,0x7c),CONCAT(0x27,0x7c,0x5f,0x7c),CONCAT(0x27,0x7c,0x5f,0x7c),CONCAT(0x27,0x7c,0x5f,0x7c),CONCAT(0x27,0x7c,0x5f,0x7c) /*
2010-07-05 08:44:14	Get POSTS_TABLE failed.
	SELECT post_id, poster_id 
	    FROM phpbb_posts 
	    WHERE topic_id = 2230 and 1=2 union select CONCAT(0x27,0x7c,0x5f,0x7c),CONCAT(0x27,0x7c,0x5f,0x7c),CONCAT(0x27,0x7c,0x5f,0x7c),CONCAT(0x27,0x7c,0x5f,0x7c) /* 
	    ORDER BY post_time 
	    LIMIT 0, 1
2010-07-05 08:44:14	Get POSTS_TABLE failed.
	SELECT post_id, poster_id 
	    FROM phpbb_posts 
	    WHERE topic_id = 656 and 1=2 union select CONCAT(0x27,0x7c,0x5f,0x7c),CONCAT(0x27,0x7c,0x5f,0x7c),CONCAT(0x27,0x7c,0x5f,0x7c) /* 
	    ORDER BY post_time 
	    LIMIT 0, 1
2010-07-05 08:44:14	Get FORUMS_TABLE failed.
	SELECT cat_id, forum_topics, auth_read, auth_post, auth_reply 
	    FROM phpbb_forums 
	    WHERE forum_id = 
2010-07-05 08:44:14	Get POSTS_TEXT_TABLE failed.
	SELECT post_subject, post_text 
	    FROM phpbb_posts_text 
	    WHERE post_id = 
2010-07-05 08:44:14	Get USERS_TABLE failed.
	SELECT username, user_password, user_email 
	    FROM phpbb_users 
	    WHERE user_id = 
2010-07-05 08:44:14	Get POSTS_TEXT_TABLE failed.
	SELECT post_subject, post_text 
	    FROM phpbb_posts_text 
	    WHERE post_id = 
2010-07-05 08:44:14	Get USERS_TABLE failed.
	SELECT username, user_password, user_email 
	    FROM phpbb_users 
	    WHERE user_id = 
2010-07-05 08:44:14	Get TOPICS_TABLE failed.
	SELECT forum_id, topic_replies 
	    FROM phpbb_topics 
	    WHERE topic_id = 2229 and 1=2 union select CONCAT(0x27,0x7c,0x5f,0x7c),CONCAT(0x27,0x7c,0x5f,0x7c),CONCAT(0x27,0x7c,0x5f,0x7c),CONCAT(0x27,0x7c,0x5f,0x7c),CONCAT(0x27,0x7c,0x5f,0x7c),CONCAT(0x27,0x7c,0x5f,0x7c),CONCAT(0x27,0x7c,0x5f,0x7c) /*
2010-07-05 08:44:14	Get TOPICS_TABLE failed.
	SELECT forum_id, topic_replies 
	    FROM phpbb_topics 
	    WHERE topic_id = 2230 and 1=2 union select CONCAT(0x27,0x7c,0x5f,0x7c),CONCAT(0x27,0x7c,0x5f,0x7c),CONCAT(0x27,0x7c,0x5f,0x7c),CONCAT(0x27,0x7c,0x5f,0x7c) /*
2010-07-05 08:44:14	Get USERS_TABLE failed.
	SELECT username, user_password, user_email 
	    FROM phpbb_users 
	    WHERE user_id = 
2010-07-05 08:44:14	Get FORUMS_TABLE failed.
	SELECT cat_id, forum_topics, auth_read, auth_post, auth_reply 
	    FROM phpbb_forums 
	    WHERE forum_id = 
2010-07-05 08:44:14	Get TOPICS_TABLE failed.
	SELECT forum_id, topic_replies 
	    FROM phpbb_topics 
	    WHERE topic_id = 656 and 1=2 union select CONCAT(0x27,0x7c,0x5f,0x7c),CONCAT(0x27,0x7c,0x5f,0x7c),CONCAT(0x27,0x7c,0x5f,0x7c) /*
2010-07-05 08:44:14	Get FORUMS_TABLE failed.
	SELECT cat_id, forum_topics, auth_read, auth_post, auth_reply 
	    FROM phpbb_forums 
	    WHERE forum_id = 
2010-07-05 08:44:14	Get FORUMS_TABLE failed.
	SELECT cat_id, forum_topics, auth_read, auth_post, auth_reply 
	    FROM phpbb_forums 
	    WHERE forum_id = 
2010-07-05 08:44:14	Get POSTS_TABLE failed.
	SELECT post_id, poster_id 
	    FROM phpbb_posts 
	    WHERE topic_id = 1007 and 1=2 union select CONCAT(0x27,0x7c,0x5f,0x7c),CONCAT(0x27,0x7c,0x5f,0x7c),CONCAT(0x27,0x7c,0x5f,0x7c),CONCAT(0x27,0x7c,0x5f,0x7c),CONCAT(0x27,0x7c,0x5f,0x7c),CONCAT(0x27,0x7c,0x5f,0x7c),CONCAT(0x27,0x7c,0x5f,0x7c),CONCAT(0x27,0x7c,0x5f,0x7c),CONCAT(0x27,0x7c,0x5f,0x7c),CONCAT(0x27,0x7c,0x5f,0x7c),CONCAT(0x27,0x7c,0x5f,0x7c),CONCAT(0x27,0x7c,0x5f,0x7c),CONCAT(0x27,0x7c,0x5f,0x7c) /* 
	    ORDER BY post_time 
	    LIMIT 0, 1
2010-07-05 08:44:14	Get POSTS_TEXT_TABLE failed.
	SELECT post_subject, post_text 
	    FROM phpbb_posts_text 
	    WHERE post_id = 
2010-07-05 08:44:14	Get USERS_TABLE failed.
	SELECT username, user_password, user_email 
	    FROM phpbb_users 
	    WHERE user_id = 
2010-07-05 08:44:14	Get TOPICS_TABLE failed.
	SELECT forum_id, topic_replies 
	    FROM phpbb_topics 
	    WHERE topic_id = 1007 and 1=2 union select CONCAT(0x27,0x7c,0x5f,0x7c),CONCAT(0x27,0x7c,0x5f,0x7c),CONCAT(0x27,0x7c,0x5f,0x7c),CONCAT(0x27,0x7c,0x5f,0x7c),CONCAT(0x27,0x7c,0x5f,0x7c),CONCAT(0x27,0x7c,0x5f,0x7c),CONCAT(0x27,0x7c,0x5f,0x7c),CONCAT(0x27,0x7c,0x5f,0x7c),CONCAT(0x27,0x7c,0x5f,0x7c),CONCAT(0x27,0x7c,0x5f,0x7c),CONCAT(0x27,0x7c,0x5f,0x7c),CONCAT(0x27,0x7c,0x5f,0x7c),CONCAT(0x27,0x7c,0x5f,0x7c) /*
2010-07-05 08:44:14	Get FORUMS_TABLE failed.
	SELECT cat_id, forum_topics, auth_read, auth_post, auth_reply 
	    FROM phpbb_forums 
	    WHERE forum_id = 
2010-07-05 08:44:15	Get POSTS_TABLE failed.
	SELECT post_id, poster_id 
	    FROM phpbb_posts 
	    WHERE topic_id = 656 and 1=2 union select CONCAT(0x27,0x7c,0x5f,0x7c),CONCAT(0x27,0x7c,0x5f,0x7c),CONCAT(0x27,0x7c,0x5f,0x7c),CONCAT(0x27,0x7c,0x5f,0x7c) /* 
	    ORDER BY post_time 
	    LIMIT 0, 1
2010-07-05 08:44:15	Get POSTS_TEXT_TABLE failed.
	SELECT post_subject, post_text 
	    FROM phpbb_posts_text 
	    WHERE post_id = 
2010-07-05 08:44:15	Get USERS_TABLE failed.
	SELECT username, user_password, user_email 
	    FROM phpbb_users 
	    WHERE user_id = 
2010-07-05 08:44:15	Get TOPICS_TABLE failed.
	SELECT forum_id, topic_replies 
	    FROM phpbb_topics 
	    WHERE topic_id = 656 and 1=2 union select CONCAT(0x27,0x7c,0x5f,0x7c),CONCAT(0x27,0x7c,0x5f,0x7c),CONCAT(0x27,0x7c,0x5f,0x7c),CONCAT(0x27,0x7c,0x5f,0x7c) /*
2010-07-05 08:44:15	Get FORUMS_TABLE failed.
	SELECT cat_id, forum_topics, auth_read, auth_post, auth_reply 
	    FROM phpbb_forums 
	    WHERE forum_id = 
2010-07-05 08:44:15	Get POSTS_TABLE failed.
	SELECT post_id, poster_id 
	    FROM phpbb_posts 
	    WHERE topic_id = 2229 and 1=2 union select CONCAT(0x27,0x7c,0x5f,0x7c),CONCAT(0x27,0x7c,0x5f,0x7c),CONCAT(0x27,0x7c,0x5f,0x7c),CONCAT(0x27,0x7c,0x5f,0x7c),CONCAT(0x27,0x7c,0x5f,0x7c),CONCAT(0x27,0x7c,0x5f,0x7c),CONCAT(0x27,0x7c,0x5f,0x7c),CONCAT(0x27,0x7c,0x5f,0x7c) /* 
	    ORDER BY post_time 
	    LIMIT 0, 1
2010-07-05 08:44:15	Get POSTS_TEXT_TABLE failed.
	SELECT post_subject, post_text 
	    FROM phpbb_posts_text 
	    WHERE post_id = 
2010-07-05 08:44:15	Get USERS_TABLE failed.
	SELECT username, user_password, user_email 
	    FROM phpbb_users 
	    WHERE user_id = 
2010-07-05 08:44:15	Get TOPICS_TABLE failed.
	SELECT forum_id, topic_replies 
	    FROM phpbb_topics 
	    WHERE topic_id = 2229 and 1=2 union select CONCAT(0x27,0x7c,0x5f,0x7c),CONCAT(0x27,0x7c,0x5f,0x7c),CONCAT(0x27,0x7c,0x5f,0x7c),CONCAT(0x27,0x7c,0x5f,0x7c),CONCAT(0x27,0x7c,0x5f,0x7c),CONCAT(0x27,0x7c,0x5f,0x7c),CONCAT(0x27,0x7c,0x5f,0x7c),CONCAT(0x27,0x7c,0x5f,0x7c) /*
2010-07-05 08:44:15	Get FORUMS_TABLE failed.
	SELECT cat_id, forum_topics, auth_read, auth_post, auth_reply 
	    FROM phpbb_forums 
	    WHERE forum_id = 
2010-07-05 08:44:15	Get POSTS_TABLE failed.
	SELECT post_id, poster_id 
	    FROM phpbb_posts 
	    WHERE topic_id = 2230 and 1=2 union select CONCAT(0x27,0x7c,0x5f,0x7c),CONCAT(0x27,0x7c,0x5f,0x7c),CONCAT(0x27,0x7c,0x5f,0x7c),CONCAT(0x27,0x7c,0x5f,0x7c),CONCAT(0x27,0x7c,0x5f,0x7c) /* 
	    ORDER BY post_time 
	    LIMIT 0, 1
2010-07-05 08:44:15	Get POSTS_TEXT_TABLE failed.
	SELECT post_subject, post_text 
	    FROM phpbb_posts_text 
	    WHERE post_id = 
2010-07-05 08:44:15	Get USERS_TABLE failed.
	SELECT username, user_password, user_email 
	    FROM phpbb_users 
	    WHERE user_id = 
2010-07-05 08:44:15	Get TOPICS_TABLE failed.
	SELECT forum_id, topic_replies 
	    FROM phpbb_topics 
	    WHERE topic_id = 2230 and 1=2 union select CONCAT(0x27,0x7c,0x5f,0x7c),CONCAT(0x27,0x7c,0x5f,0x7c),CONCAT(0x27,0x7c,0x5f,0x7c),CONCAT(0x27,0x7c,0x5f,0x7c),CONCAT(0x27,0x7c,0x5f,0x7c) /*
2010-07-05 08:44:15	Get FORUMS_TABLE failed.
	SELECT cat_id, forum_topics, auth_read, auth_post, auth_reply 
	    FROM phpbb_forums 
	    WHERE forum_id = 
2010-07-05 08:44:15	Get POSTS_TABLE failed.
	SELECT post_id, poster_id 
	    FROM phpbb_posts 
	    WHERE topic_id = 2278 and 1=2 union select CONCAT(0x27,0x7c,0x5f,0x7c) /* 
	    ORDER BY post_time 
	    LIMIT 0, 1
2010-07-05 08:44:15	Get POSTS_TEXT_TABLE failed.
	SELECT post_subject, post_text 
	    FROM phpbb_posts_text 
	    WHERE post_id = 
2010-07-05 08:44:15	Get USERS_TABLE failed.
	SELECT username, user_password, user_email 
	    FROM phpbb_users 
	    WHERE user_id = 
2010-07-05 08:44:15	Get TOPICS_TABLE failed.
	SELECT forum_id, topic_replies 
	    FROM phpbb_topics 
	    WHERE topic_id = 2278 and 1=2 union select CONCAT(0x27,0x7c,0x5f,0x7c) /*
2010-07-05 08:44:15	Get FORUMS_TABLE failed.
	SELECT cat_id, forum_topics, auth_read, auth_post, auth_reply 
	    FROM phpbb_forums 
	    WHERE forum_id = 
2010-07-05 08:44:15	Get POSTS_TABLE failed.
	SELECT post_id, poster_id 
	    FROM phpbb_posts 
	    WHERE topic_id = 1007 and 1=2 union select CONCAT(0x27,0x7c,0x5f,0x7c),CONCAT(0x27,0x7c,0x5f,0x7c),CONCAT(0x27,0x7c,0x5f,0x7c),CONCAT(0x27,0x7c,0x5f,0x7c),CONCAT(0x27,0x7c,0x5f,0x7c),CONCAT(0x27,0x7c,0x5f,0x7c),CONCAT(0x27,0x7c,0x5f,0x7c),CONCAT(0x27,0x7c,0x5f,0x7c),CONCAT(0x27,0x7c,0x5f,0x7c),CONCAT(0x27,0x7c,0x5f,0x7c),CONCAT(0x27,0x7c,0x5f,0x7c),CONCAT(0x27,0x7c,0x5f,0x7c),CONCAT(0x27,0x7c,0x5f,0x7c),CONCAT(0x27,0x7c,0x5f,0x7c) /* 
	    ORDER BY post_time 
	    LIMIT 0, 1
2010-07-05 08:44:15	Get POSTS_TEXT_TABLE failed.
	SELECT post_subject, post_text 
	    FROM phpbb_posts_text 
	    WHERE post_id = 
2010-07-05 08:44:15	Get USERS_TABLE failed.
	SELECT username, user_password, user_email 
	    FROM phpbb_users 
	    WHERE user_id = 
2010-07-05 08:44:15	Get TOPICS_TABLE failed.
	SELECT forum_id, topic_replies 
	    FROM phpbb_topics 
	    WHERE topic_id = 1007 and 1=2 union select CONCAT(0x27,0x7c,0x5f,0x7c),CONCAT(0x27,0x7c,0x5f,0x7c),CONCAT(0x27,0x7c,0x5f,0x7c),CONCAT(0x27,0x7c,0x5f,0x7c),CONCAT(0x27,0x7c,0x5f,0x7c),CONCAT(0x27,0x7c,0x5f,0x7c),CONCAT(0x27,0x7c,0x5f,0x7c),CONCAT(0x27,0x7c,0x5f,0x7c),CONCAT(0x27,0x7c,0x5f,0x7c),CONCAT(0x27,0x7c,0x5f,0x7c),CONCAT(0x27,0x7c,0x5f,0x7c),CONCAT(0x27,0x7c,0x5f,0x7c),CONCAT(0x27,0x7c,0x5f,0x7c),CONCAT(0x27,0x7c,0x5f,0x7c) /*
2010-07-05 08:44:15	Get FORUMS_TABLE failed.
	SELECT cat_id, forum_topics, auth_read, auth_post, auth_reply 
	    FROM phpbb_forums 
	    WHERE forum_id = 
2010-07-05 08:44:15	Get POSTS_TABLE failed.
	SELECT post_id, poster_id 
	    FROM phpbb_posts 
	    WHERE topic_id = 656 and 1=2 union select CONCAT(0x27,0x7c,0x5f,0x7c),CONCAT(0x27,0x7c,0x5f,0x7c),CONCAT(0x27,0x7c,0x5f,0x7c),CONCAT(0x27,0x7c,0x5f,0x7c),CONCAT(0x27,0x7c,0x5f,0x7c) /* 
	    ORDER BY post_time 
	    LIMIT 0, 1
2010-07-05 08:44:15	Get POSTS_TEXT_TABLE failed.
	SELECT post_subject, post_text 
	    FROM phpbb_posts_text 
	    WHERE post_id = 
2010-07-05 08:44:15	Get USERS_TABLE failed.
	SELECT username, user_password, user_email 
	    FROM phpbb_users 
	    WHERE user_id = 
2010-07-05 08:44:15	Get TOPICS_TABLE failed.
	SELECT forum_id, topic_replies 
	    FROM phpbb_topics 
	    WHERE topic_id = 656 and 1=2 union select CONCAT(0x27,0x7c,0x5f,0x7c),CONCAT(0x27,0x7c,0x5f,0x7c),CONCAT(0x27,0x7c,0x5f,0x7c),CONCAT(0x27,0x7c,0x5f,0x7c),CONCAT(0x27,0x7c,0x5f,0x7c) /*
2010-07-05 08:44:15	Get FORUMS_TABLE failed.
	SELECT cat_id, forum_topics, auth_read, auth_post, auth_reply 
	    FROM phpbb_forums 
	    WHERE forum_id = 
2010-07-05 08:44:15	Get POSTS_TABLE failed.
	SELECT post_id, poster_id 
	    FROM phpbb_posts 
	    WHERE topic_id = 1007 and 1=2 union select CONCAT(0x27,0x7c,0x5f,0x7c),CONCAT(0x27,0x7c,0x5f,0x7c),CONCAT(0x27,0x7c,0x5f,0x7c),CONCAT(0x27,0x7c,0x5f,0x7c),CONCAT(0x27,0x7c,0x5f,0x7c),CONCAT(0x27,0x7c,0x5f,0x7c),CONCAT(0x27,0x7c,0x5f,0x7c),CONCAT(0x27,0x7c,0x5f,0x7c),CONCAT(0x27,0x7c,0x5f,0x7c),CONCAT(0x27,0x7c,0x5f,0x7c),CONCAT(0x27,0x7c,0x5f,0x7c),CONCAT(0x27,0x7c,0x5f,0x7c),CONCAT(0x27,0x7c,0x5f,0x7c),CONCAT(0x27,0x7c,0x5f,0x7c),CONCAT(0x27,0x7c,0x5f,0x7c) /* 
	    ORDER BY post_time 
	    LIMIT 0, 1
2010-07-05 08:44:15	Get POSTS_TEXT_TABLE failed.
	SELECT post_subject, post_text 
	    FROM phpbb_posts_text 
	    WHERE post_id = 
2010-07-05 08:44:15	Get USERS_TABLE failed.
	SELECT username, user_password, user_email 
	    FROM phpbb_users 
	    WHERE user_id = 
2010-07-05 08:44:15	Get TOPICS_TABLE failed.
	SELECT forum_id, topic_replies 
	    FROM phpbb_topics 
	    WHERE topic_id = 1007 and 1=2 union select CONCAT(0x27,0x7c,0x5f,0x7c),CONCAT(0x27,0x7c,0x5f,0x7c),CONCAT(0x27,0x7c,0x5f,0x7c),CONCAT(0x27,0x7c,0x5f,0x7c),CONCAT(0x27,0x7c,0x5f,0x7c),CONCAT(0x27,0x7c,0x5f,0x7c),CONCAT(0x27,0x7c,0x5f,0x7c),CONCAT(0x27,0x7c,0x5f,0x7c),CONCAT(0x27,0x7c,0x5f,0x7c),CONCAT(0x27,0x7c,0x5f,0x7c),CONCAT(0x27,0x7c,0x5f,0x7c),CONCAT(0x27,0x7c,0x5f,0x7c),CONCAT(0x27,0x7c,0x5f,0x7c),CONCAT(0x27,0x7c,0x5f,0x7c),CONCAT(0x27,0x7c,0x5f,0x7c) /*
2010-07-05 08:44:15	Get FORUMS_TABLE failed.
	SELECT cat_id, forum_topics, auth_read, auth_post, auth_reply 
	    FROM phpbb_forums 
	    WHERE forum_id = 
2010-07-05 08:44:15	Get POSTS_TABLE failed.
	SELECT post_id, poster_id 
	    FROM phpbb_posts 
	    WHERE topic_id = 2230 and 1=2 union select CONCAT(0x27,0x7c,0x5f,0x7c),CONCAT(0x27,0x7c,0x5f,0x7c),CONCAT(0x27,0x7c,0x5f,0x7c),CONCAT(0x27,0x7c,0x5f,0x7c),CONCAT(0x27,0x7c,0x5f,0x7c),CONCAT(0x27,0x7c,0x5f,0x7c) /* 
	    ORDER BY post_time 
	    LIMIT 0, 1
2010-07-05 08:44:15	Get POSTS_TEXT_TABLE failed.
	SELECT post_subject, post_text 
	    FROM phpbb_posts_text 
	    WHERE post_id = 
2010-07-05 08:44:15	Get USERS_TABLE failed.
	SELECT username, user_password, user_email 
	    FROM phpbb_users 
	    WHERE user_id = 
2010-07-05 08:44:15	Get TOPICS_TABLE failed.
	SELECT forum_id, topic_replies 
	    FROM phpbb_topics 
	    WHERE topic_id = 2230 and 1=2 union select CONCAT(0x27,0x7c,0x5f,0x7c),CONCAT(0x27,0x7c,0x5f,0x7c),CONCAT(0x27,0x7c,0x5f,0x7c),CONCAT(0x27,0x7c,0x5f,0x7c),CONCAT(0x27,0x7c,0x5f,0x7c),CONCAT(0x27,0x7c,0x5f,0x7c) /*
2010-07-05 08:44:15	Get FORUMS_TABLE failed.
	SELECT cat_id, forum_topics, auth_read, auth_post, auth_reply 
	    FROM phpbb_forums 
	    WHERE forum_id = 
2010-07-05 08:44:16	Get POSTS_TABLE failed.
	SELECT post_id, poster_id 
	    FROM phpbb_posts 
	    WHERE topic_id = 2229 and 1=2 union select CONCAT(0x27,0x7c,0x5f,0x7c),CONCAT(0x27,0x7c,0x5f,0x7c),CONCAT(0x27,0x7c,0x5f,0x7c),CONCAT(0x27,0x7c,0x5f,0x7c),CONCAT(0x27,0x7c,0x5f,0x7c),CONCAT(0x27,0x7c,0x5f,0x7c),CONCAT(0x27,0x7c,0x5f,0x7c),CONCAT(0x27,0x7c,0x5f,0x7c),CONCAT(0x27,0x7c,0x5f,0x7c) /* 
	    ORDER BY post_time 
	    LIMIT 0, 1
2010-07-05 08:44:16	Get POSTS_TEXT_TABLE failed.
	SELECT post_subject, post_text 
	    FROM phpbb_posts_text 
	    WHERE post_id = 
2010-07-05 08:44:16	Get USERS_TABLE failed.
	SELECT username, user_password, user_email 
	    FROM phpbb_users 
	    WHERE user_id = 
2010-07-05 08:44:16	Get TOPICS_TABLE failed.
	SELECT forum_id, topic_replies 
	    FROM phpbb_topics 
	    WHERE topic_id = 2229 and 1=2 union select CONCAT(0x27,0x7c,0x5f,0x7c),CONCAT(0x27,0x7c,0x5f,0x7c),CONCAT(0x27,0x7c,0x5f,0x7c),CONCAT(0x27,0x7c,0x5f,0x7c),CONCAT(0x27,0x7c,0x5f,0x7c),CONCAT(0x27,0x7c,0x5f,0x7c),CONCAT(0x27,0x7c,0x5f,0x7c),CONCAT(0x27,0x7c,0x5f,0x7c),CONCAT(0x27,0x7c,0x5f,0x7c) /*
2010-07-05 08:44:16	Get FORUMS_TABLE failed.
	SELECT cat_id, forum_topics, auth_read, auth_post, auth_reply 
	    FROM phpbb_forums 
	    WHERE forum_id = 
2010-07-05 08:44:16	Get POSTS_TABLE failed.
	SELECT post_id, poster_id 
	    FROM phpbb_posts 
	    WHERE topic_id = 656 and 1=2 union select CONCAT(0x27,0x7c,0x5f,0x7c),CONCAT(0x27,0x7c,0x5f,0x7c),CONCAT(0x27,0x7c,0x5f,0x7c),CONCAT(0x27,0x7c,0x5f,0x7c),CONCAT(0x27,0x7c,0x5f,0x7c),CONCAT(0x27,0x7c,0x5f,0x7c) /* 
	    ORDER BY post_time 
	    LIMIT 0, 1
2010-07-05 08:44:16	Get POSTS_TEXT_TABLE failed.
	SELECT post_subject, post_text 
	    FROM phpbb_posts_text 
	    WHERE post_id = 
2010-07-05 08:44:16	Get USERS_TABLE failed.
	SELECT username, user_password, user_email 
	    FROM phpbb_users 
	    WHERE user_id = 
2010-07-05 08:44:16	Get TOPICS_TABLE failed.
	SELECT forum_id, topic_replies 
	    FROM phpbb_topics 
	    WHERE topic_id = 656 and 1=2 union select CONCAT(0x27,0x7c,0x5f,0x7c),CONCAT(0x27,0x7c,0x5f,0x7c),CONCAT(0x27,0x7c,0x5f,0x7c),CONCAT(0x27,0x7c,0x5f,0x7c),CONCAT(0x27,0x7c,0x5f,0x7c),CONCAT(0x27,0x7c,0x5f,0x7c) /*
2010-07-05 08:44:16	Get FORUMS_TABLE failed.
	SELECT cat_id, forum_topics, auth_read, auth_post, auth_reply 
	    FROM phpbb_forums 
	    WHERE forum_id = 
2010-07-05 08:44:16	Get POSTS_TABLE failed.
	SELECT post_id, poster_id 
	    FROM phpbb_posts 
	    WHERE topic_id = 2230 and 1=2 union select CONCAT(0x27,0x7c,0x5f,0x7c),CONCAT(0x27,0x7c,0x5f,0x7c),CONCAT(0x27,0x7c,0x5f,0x7c),CONCAT(0x27,0x7c,0x5f,0x7c),CONCAT(0x27,0x7c,0x5f,0x7c),CONCAT(0x27,0x7c,0x5f,0x7c),CONCAT(0x27,0x7c,0x5f,0x7c) /* 
	    ORDER BY post_time 
	    LIMIT 0, 1
2010-07-05 08:44:16	Get POSTS_TEXT_TABLE failed.
	SELECT post_subject, post_text 
	    FROM phpbb_posts_text 
	    WHERE post_id = 
2010-07-05 08:44:16	Get USERS_TABLE failed.
	SELECT username, user_password, user_email 
	    FROM phpbb_users 
	    WHERE user_id = 
2010-07-05 08:44:16	Get TOPICS_TABLE failed.
	SELECT forum_id, topic_replies 
	    FROM phpbb_topics 
	    WHERE topic_id = 2230 and 1=2 union select CONCAT(0x27,0x7c,0x5f,0x7c),CONCAT(0x27,0x7c,0x5f,0x7c),CONCAT(0x27,0x7c,0x5f,0x7c),CONCAT(0x27,0x7c,0x5f,0x7c),CONCAT(0x27,0x7c,0x5f,0x7c),CONCAT(0x27,0x7c,0x5f,0x7c),CONCAT(0x27,0x7c,0x5f,0x7c) /*
2010-07-05 08:44:16	Get FORUMS_TABLE failed.
	SELECT cat_id, forum_topics, auth_read, auth_post, auth_reply 
	    FROM phpbb_forums 
	    WHERE forum_id = 
2010-07-05 08:44:16	Get POSTS_TABLE failed.
	SELECT post_id, poster_id 
	    FROM phpbb_posts 
	    WHERE topic_id = 656 and 1=2 union select CONCAT(0x27,0x7c,0x5f,0x7c),CONCAT(0x27,0x7c,0x5f,0x7c),CONCAT(0x27,0x7c,0x5f,0x7c),CONCAT(0x27,0x7c,0x5f,0x7c),CONCAT(0x27,0x7c,0x5f,0x7c),CONCAT(0x27,0x7c,0x5f,0x7c),CONCAT(0x27,0x7c,0x5f,0x7c) /* 
	    ORDER BY post_time 
	    LIMIT 0, 1
2010-07-05 08:44:16	Get POSTS_TEXT_TABLE failed.
	SELECT post_subject, post_text 
	    FROM phpbb_posts_text 
	    WHERE post_id = 
2010-07-05 08:44:16	Get USERS_TABLE failed.
	SELECT username, user_password, user_email 
	    FROM phpbb_users 
	    WHERE user_id = 
2010-07-05 08:44:16	Get POSTS_TABLE failed.
	SELECT post_id, poster_id 
	    FROM phpbb_posts 
	    WHERE topic_id = 2278 and 1=2 union select CONCAT(0x27,0x7c,0x5f,0x7c),CONCAT(0x27,0x7c,0x5f,0x7c),CONCAT(0x27,0x7c,0x5f,0x7c) /* 
	    ORDER BY post_time 
	    LIMIT 0, 1
2010-07-05 08:44:16	Get POSTS_TEXT_TABLE failed.
	SELECT post_subject, post_text 
	    FROM phpbb_posts_text 
	    WHERE post_id = 
2010-07-05 08:44:16	Get TOPICS_TABLE failed.
	SELECT forum_id, topic_replies 
	    FROM phpbb_topics 
	    WHERE topic_id = 656 and 1=2 union select CONCAT(0x27,0x7c,0x5f,0x7c),CONCAT(0x27,0x7c,0x5f,0x7c),CONCAT(0x27,0x7c,0x5f,0x7c),CONCAT(0x27,0x7c,0x5f,0x7c),CONCAT(0x27,0x7c,0x5f,0x7c),CONCAT(0x27,0x7c,0x5f,0x7c),CONCAT(0x27,0x7c,0x5f,0x7c) /*
2010-07-05 08:44:16	Get USERS_TABLE failed.
	SELECT username, user_password, user_email 
	    FROM phpbb_users 
	    WHERE user_id = 
2010-07-05 08:44:16	Get FORUMS_TABLE failed.
	SELECT cat_id, forum_topics, auth_read, auth_post, auth_reply 
	    FROM phpbb_forums 
	    WHERE forum_id = 
2010-07-05 08:44:16	Get TOPICS_TABLE failed.
	SELECT forum_id, topic_replies 
	    FROM phpbb_topics 
	    WHERE topic_id = 2278 and 1=2 union select CONCAT(0x27,0x7c,0x5f,0x7c),CONCAT(0x27,0x7c,0x5f,0x7c),CONCAT(0x27,0x7c,0x5f,0x7c) /*
2010-07-05 08:44:16	Get FORUMS_TABLE failed.
	SELECT cat_id, forum_topics, auth_read, auth_post, auth_reply 
	    FROM phpbb_forums 
	    WHERE forum_id = 
2010-07-05 08:44:17	Get POSTS_TABLE failed.
	SELECT post_id, poster_id 
	    FROM phpbb_posts 
	    WHERE topic_id = 2229 and 1=2 union select CONCAT(0x27,0x7c,0x5f,0x7c),CONCAT(0x27,0x7c,0x5f,0x7c),CONCAT(0x27,0x7c,0x5f,0x7c),CONCAT(0x27,0x7c,0x5f,0x7c),CONCAT(0x27,0x7c,0x5f,0x7c),CONCAT(0x27,0x7c,0x5f,0x7c),CONCAT(0x27,0x7c,0x5f,0x7c),CONCAT(0x27,0x7c,0x5f,0x7c),CONCAT(0x27,0x7c,0x5f,0x7c),CONCAT(0x27,0x7c,0x5f,0x7c) /* 
	    ORDER BY post_time 
	    LIMIT 0, 1
2010-07-05 08:44:17	Get POSTS_TEXT_TABLE failed.
	SELECT post_subject, post_text 
	    FROM phpbb_posts_text 
	    WHERE post_id = 
2010-07-05 08:44:17	Get USERS_TABLE failed.
	SELECT username, user_password, user_email 
	    FROM phpbb_users 
	    WHERE user_id = 
2010-07-05 08:44:17	Get TOPICS_TABLE failed.
	SELECT forum_id, topic_replies 
	    FROM phpbb_topics 
	    WHERE topic_id = 2229 and 1=2 union select CONCAT(0x27,0x7c,0x5f,0x7c),CONCAT(0x27,0x7c,0x5f,0x7c),CONCAT(0x27,0x7c,0x5f,0x7c),CONCAT(0x27,0x7c,0x5f,0x7c),CONCAT(0x27,0x7c,0x5f,0x7c),CONCAT(0x27,0x7c,0x5f,0x7c),CONCAT(0x27,0x7c,0x5f,0x7c),CONCAT(0x27,0x7c,0x5f,0x7c),CONCAT(0x27,0x7c,0x5f,0x7c),CONCAT(0x27,0x7c,0x5f,0x7c) /*
2010-07-05 08:44:17	Get FORUMS_TABLE failed.
	SELECT cat_id, forum_topics, auth_read, auth_post, auth_reply 
	    FROM phpbb_forums 
	    WHERE forum_id = 
2010-07-05 08:44:17	Get POSTS_TABLE failed.
	SELECT post_id, poster_id 
	    FROM phpbb_posts 
	    WHERE topic_id = 2230 and 1=2 union select CONCAT(0x27,0x7c,0x5f,0x7c),CONCAT(0x27,0x7c,0x5f,0x7c),CONCAT(0x27,0x7c,0x5f,0x7c),CONCAT(0x27,0x7c,0x5f,0x7c),CONCAT(0x27,0x7c,0x5f,0x7c),CONCAT(0x27,0x7c,0x5f,0x7c),CONCAT(0x27,0x7c,0x5f,0x7c),CONCAT(0x27,0x7c,0x5f,0x7c) /* 
	    ORDER BY post_time 
	    LIMIT 0, 1
2010-07-05 08:44:17	Get POSTS_TEXT_TABLE failed.
	SELECT post_subject, post_text 
	    FROM phpbb_posts_text 
	    WHERE post_id = 
2010-07-05 08:44:17	Get POSTS_TABLE failed.
	SELECT post_id, poster_id 
	    FROM phpbb_posts 
	    WHERE topic_id = 656 and 1=2 union select CONCAT(0x27,0x7c,0x5f,0x7c),CONCAT(0x27,0x7c,0x5f,0x7c),CONCAT(0x27,0x7c,0x5f,0x7c),CONCAT(0x27,0x7c,0x5f,0x7c),CONCAT(0x27,0x7c,0x5f,0x7c),CONCAT(0x27,0x7c,0x5f,0x7c),CONCAT(0x27,0x7c,0x5f,0x7c),CONCAT(0x27,0x7c,0x5f,0x7c) /* 
	    ORDER BY post_time 
	    LIMIT 0, 1
2010-07-05 08:44:17	Get USERS_TABLE failed.
	SELECT username, user_password, user_email 
	    FROM phpbb_users 
	    WHERE user_id = 
2010-07-05 08:44:17	Get POSTS_TEXT_TABLE failed.
	SELECT post_subject, post_text 
	    FROM phpbb_posts_text 
	    WHERE post_id = 
2010-07-05 08:44:17	Get TOPICS_TABLE failed.
	SELECT forum_id, topic_replies 
	    FROM phpbb_topics 
	    WHERE topic_id = 2230 and 1=2 union select CONCAT(0x27,0x7c,0x5f,0x7c),CONCAT(0x27,0x7c,0x5f,0x7c),CONCAT(0x27,0x7c,0x5f,0x7c),CONCAT(0x27,0x7c,0x5f,0x7c),CONCAT(0x27,0x7c,0x5f,0x7c),CONCAT(0x27,0x7c,0x5f,0x7c),CONCAT(0x27,0x7c,0x5f,0x7c),CONCAT(0x27,0x7c,0x5f,0x7c) /*
2010-07-05 08:44:17	Get USERS_TABLE failed.
	SELECT username, user_password, user_email 
	    FROM phpbb_users 
	    WHERE user_id = 
2010-07-05 08:44:17	Get POSTS_TABLE failed.
	SELECT post_id, poster_id 
	    FROM phpbb_posts 
	    WHERE topic_id = 2278 and 1=2 union select CONCAT(0x27,0x7c,0x5f,0x7c),CONCAT(0x27,0x7c,0x5f,0x7c),CONCAT(0x27,0x7c,0x5f,0x7c),CONCAT(0x27,0x7c,0x5f,0x7c) /* 
	    ORDER BY post_time 
	    LIMIT 0, 1
2010-07-05 08:44:17	Get FORUMS_TABLE failed.
	SELECT cat_id, forum_topics, auth_read, auth_post, auth_reply 
	    FROM phpbb_forums 
	    WHERE forum_id = 
2010-07-05 08:44:17	Get TOPICS_TABLE failed.
	SELECT forum_id, topic_replies 
	    FROM phpbb_topics 
	    WHERE topic_id = 656 and 1=2 union select CONCAT(0x27,0x7c,0x5f,0x7c),CONCAT(0x27,0x7c,0x5f,0x7c),CONCAT(0x27,0x7c,0x5f,0x7c),CONCAT(0x27,0x7c,0x5f,0x7c),CONCAT(0x27,0x7c,0x5f,0x7c),CONCAT(0x27,0x7c,0x5f,0x7c),CONCAT(0x27,0x7c,0x5f,0x7c),CONCAT(0x27,0x7c,0x5f,0x7c) /*
2010-07-05 08:44:17	Get POSTS_TEXT_TABLE failed.
	SELECT post_subject, post_text 
	    FROM phpbb_posts_text 
	    WHERE post_id = 
2010-07-05 08:44:17	Get FORUMS_TABLE failed.
	SELECT cat_id, forum_topics, auth_read, auth_post, auth_reply 
	    FROM phpbb_forums 
	    WHERE forum_id = 
2010-07-05 08:44:17	Get USERS_TABLE failed.
	SELECT username, user_password, user_email 
	    FROM phpbb_users 
	    WHERE user_id = 
2010-07-05 08:44:17	Get TOPICS_TABLE failed.
	SELECT forum_id, topic_replies 
	    FROM phpbb_topics 
	    WHERE topic_id = 2278 and 1=2 union select CONCAT(0x27,0x7c,0x5f,0x7c),CONCAT(0x27,0x7c,0x5f,0x7c),CONCAT(0x27,0x7c,0x5f,0x7c),CONCAT(0x27,0x7c,0x5f,0x7c) /*
2010-07-05 08:44:17	Get FORUMS_TABLE failed.
	SELECT cat_id, forum_topics, auth_read, auth_post, auth_reply 
	    FROM phpbb_forums 
	    WHERE forum_id = 
2010-07-05 08:44:17	Get POSTS_TABLE failed.
	SELECT post_id, poster_id 
	    FROM phpbb_posts 
	    WHERE topic_id = 2229 and 1=2 union select CONCAT(0x27,0x7c,0x5f,0x7c),CONCAT(0x27,0x7c,0x5f,0x7c),CONCAT(0x27,0x7c,0x5f,0x7c),CONCAT(0x27,0x7c,0x5f,0x7c),CONCAT(0x27,0x7c,0x5f,0x7c),CONCAT(0x27,0x7c,0x5f,0x7c),CONCAT(0x27,0x7c,0x5f,0x7c),CONCAT(0x27,0x7c,0x5f,0x7c),CONCAT(0x27,0x7c,0x5f,0x7c),CONCAT(0x27,0x7c,0x5f,0x7c),CONCAT(0x27,0x7c,0x5f,0x7c) /* 
	    ORDER BY post_time 
	    LIMIT 0, 1
2010-07-05 08:44:17	Get POSTS_TEXT_TABLE failed.
	SELECT post_subject, post_text 
	    FROM phpbb_posts_text 
	    WHERE post_id = 
2010-07-05 08:44:17	Get USERS_TABLE failed.
	SELECT username, user_password, user_email 
	    FROM phpbb_users 
	    WHERE user_id = 
2010-07-05 08:44:17	Get TOPICS_TABLE failed.
	SELECT forum_id, topic_replies 
	    FROM phpbb_topics 
	    WHERE topic_id = 2229 and 1=2 union select CONCAT(0x27,0x7c,0x5f,0x7c),CONCAT(0x27,0x7c,0x5f,0x7c),CONCAT(0x27,0x7c,0x5f,0x7c),CONCAT(0x27,0x7c,0x5f,0x7c),CONCAT(0x27,0x7c,0x5f,0x7c),CONCAT(0x27,0x7c,0x5f,0x7c),CONCAT(0x27,0x7c,0x5f,0x7c),CONCAT(0x27,0x7c,0x5f,0x7c),CONCAT(0x27,0x7c,0x5f,0x7c),CONCAT(0x27,0x7c,0x5f,0x7c),CONCAT(0x27,0x7c,0x5f,0x7c) /*
2010-07-05 08:44:17	Get FORUMS_TABLE failed.
	SELECT cat_id, forum_topics, auth_read, auth_post, auth_reply 
	    FROM phpbb_forums 
	    WHERE forum_id = 
2010-07-05 08:44:18	Get POSTS_TABLE failed.
	SELECT post_id, poster_id 
	    FROM phpbb_posts 
	    WHERE topic_id = 656 and 1=2 union select CONCAT(0x27,0x7c,0x5f,0x7c),CONCAT(0x27,0x7c,0x5f,0x7c),CONCAT(0x27,0x7c,0x5f,0x7c),CONCAT(0x27,0x7c,0x5f,0x7c),CONCAT(0x27,0x7c,0x5f,0x7c),CONCAT(0x27,0x7c,0x5f,0x7c),CONCAT(0x27,0x7c,0x5f,0x7c),CONCAT(0x27,0x7c,0x5f,0x7c),CONCAT(0x27,0x7c,0x5f,0x7c) /* 
	    ORDER BY post_time 
	    LIMIT 0, 1
2010-07-05 08:44:18	Get POSTS_TEXT_TABLE failed.
	SELECT post_subject, post_text 
	    FROM phpbb_posts_text 
	    WHERE post_id = 
2010-07-05 08:44:18	Get USERS_TABLE failed.
	SELECT username, user_password, user_email 
	    FROM phpbb_users 
	    WHERE user_id = 
2010-07-05 08:44:18	Get TOPICS_TABLE failed.
	SELECT forum_id, topic_replies 
	    FROM phpbb_topics 
	    WHERE topic_id = 656 and 1=2 union select CONCAT(0x27,0x7c,0x5f,0x7c),CONCAT(0x27,0x7c,0x5f,0x7c),CONCAT(0x27,0x7c,0x5f,0x7c),CONCAT(0x27,0x7c,0x5f,0x7c),CONCAT(0x27,0x7c,0x5f,0x7c),CONCAT(0x27,0x7c,0x5f,0x7c),CONCAT(0x27,0x7c,0x5f,0x7c),CONCAT(0x27,0x7c,0x5f,0x7c),CONCAT(0x27,0x7c,0x5f,0x7c) /*
2010-07-05 08:44:18	Get FORUMS_TABLE failed.
	SELECT cat_id, forum_topics, auth_read, auth_post, auth_reply 
	    FROM phpbb_forums 
	    WHERE forum_id = 
2010-07-05 08:44:18	Get POSTS_TABLE failed.
	SELECT post_id, poster_id 
	    FROM phpbb_posts 
	    WHERE topic_id = 2230 and 1=2 union select CONCAT(0x27,0x7c,0x5f,0x7c),CONCAT(0x27,0x7c,0x5f,0x7c),CONCAT(0x27,0x7c,0x5f,0x7c),CONCAT(0x27,0x7c,0x5f,0x7c),CONCAT(0x27,0x7c,0x5f,0x7c),CONCAT(0x27,0x7c,0x5f,0x7c),CONCAT(0x27,0x7c,0x5f,0x7c),CONCAT(0x27,0x7c,0x5f,0x7c),CONCAT(0x27,0x7c,0x5f,0x7c) /* 
	    ORDER BY post_time 
	    LIMIT 0, 1
2010-07-05 08:44:18	Get POSTS_TEXT_TABLE failed.
	SELECT post_subject, post_text 
	    FROM phpbb_posts_text 
	    WHERE post_id = 
2010-07-05 08:44:18	Get USERS_TABLE failed.
	SELECT username, user_password, user_email 
	    FROM phpbb_users 
	    WHERE user_id = 
2010-07-05 08:44:18	Get TOPICS_TABLE failed.
	SELECT forum_id, topic_replies 
	    FROM phpbb_topics 
	    WHERE topic_id = 2230 and 1=2 union select CONCAT(0x27,0x7c,0x5f,0x7c),CONCAT(0x27,0x7c,0x5f,0x7c),CONCAT(0x27,0x7c,0x5f,0x7c),CONCAT(0x27,0x7c,0x5f,0x7c),CONCAT(0x27,0x7c,0x5f,0x7c),CONCAT(0x27,0x7c,0x5f,0x7c),CONCAT(0x27,0x7c,0x5f,0x7c),CONCAT(0x27,0x7c,0x5f,0x7c),CONCAT(0x27,0x7c,0x5f,0x7c) /*
2010-07-05 08:44:18	Get POSTS_TABLE failed.
	SELECT post_id, poster_id 
	    FROM phpbb_posts 
	    WHERE topic_id = 2278 and 1=2 union select CONCAT(0x27,0x7c,0x5f,0x7c),CONCAT(0x27,0x7c,0x5f,0x7c),CONCAT(0x27,0x7c,0x5f,0x7c),CONCAT(0x27,0x7c,0x5f,0x7c),CONCAT(0x27,0x7c,0x5f,0x7c) /* 
	    ORDER BY post_time 
	    LIMIT 0, 1
2010-07-05 08:44:18	Get FORUMS_TABLE failed.
	SELECT cat_id, forum_topics, auth_read, auth_post, auth_reply 
	    FROM phpbb_forums 
	    WHERE forum_id = 
2010-07-05 08:44:18	Get POSTS_TEXT_TABLE failed.
	SELECT post_subject, post_text 
	    FROM phpbb_posts_text 
	    WHERE post_id = 
2010-07-05 08:44:18	Get POSTS_TABLE failed.
	SELECT post_id, poster_id 
	    FROM phpbb_posts 
	    WHERE topic_id = 2229 and 1=2 union select CONCAT(0x27,0x7c,0x5f,0x7c),CONCAT(0x27,0x7c,0x5f,0x7c),CONCAT(0x27,0x7c,0x5f,0x7c),CONCAT(0x27,0x7c,0x5f,0x7c),CONCAT(0x27,0x7c,0x5f,0x7c),CONCAT(0x27,0x7c,0x5f,0x7c),CONCAT(0x27,0x7c,0x5f,0x7c),CONCAT(0x27,0x7c,0x5f,0x7c),CONCAT(0x27,0x7c,0x5f,0x7c),CONCAT(0x27,0x7c,0x5f,0x7c),CONCAT(0x27,0x7c,0x5f,0x7c),CONCAT(0x27,0x7c,0x5f,0x7c) /* 
	    ORDER BY post_time 
	    LIMIT 0, 1
2010-07-05 08:44:18	Get USERS_TABLE failed.
	SELECT username, user_password, user_email 
	    FROM phpbb_users 
	    WHERE user_id = 
2010-07-05 08:44:18	Get TOPICS_TABLE failed.
	SELECT forum_id, topic_replies 
	    FROM phpbb_topics 
	    WHERE topic_id = 2278 and 1=2 union select CONCAT(0x27,0x7c,0x5f,0x7c),CONCAT(0x27,0x7c,0x5f,0x7c),CONCAT(0x27,0x7c,0x5f,0x7c),CONCAT(0x27,0x7c,0x5f,0x7c),CONCAT(0x27,0x7c,0x5f,0x7c) /*
2010-07-05 08:44:18	Get POSTS_TEXT_TABLE failed.
	SELECT post_subject, post_text 
	    FROM phpbb_posts_text 
	    WHERE post_id = 
2010-07-05 08:44:18	Get USERS_TABLE failed.
	SELECT username, user_password, user_email 
	    FROM phpbb_users 
	    WHERE user_id = 
2010-07-05 08:44:18	Get FORUMS_TABLE failed.
	SELECT cat_id, forum_topics, auth_read, auth_post, auth_reply 
	    FROM phpbb_forums 
	    WHERE forum_id = 
2010-07-05 08:44:18	Get TOPICS_TABLE failed.
	SELECT forum_id, topic_replies 
	    FROM phpbb_topics 
	    WHERE topic_id = 2229 and 1=2 union select CONCAT(0x27,0x7c,0x5f,0x7c),CONCAT(0x27,0x7c,0x5f,0x7c),CONCAT(0x27,0x7c,0x5f,0x7c),CONCAT(0x27,0x7c,0x5f,0x7c),CONCAT(0x27,0x7c,0x5f,0x7c),CONCAT(0x27,0x7c,0x5f,0x7c),CONCAT(0x27,0x7c,0x5f,0x7c),CONCAT(0x27,0x7c,0x5f,0x7c),CONCAT(0x27,0x7c,0x5f,0x7c),CONCAT(0x27,0x7c,0x5f,0x7c),CONCAT(0x27,0x7c,0x5f,0x7c),CONCAT(0x27,0x7c,0x5f,0x7c) /*
2010-07-05 08:44:18	Get FORUMS_TABLE failed.
	SELECT cat_id, forum_topics, auth_read, auth_post, auth_reply 
	    FROM phpbb_forums 
	    WHERE forum_id = 
2010-07-05 08:44:18	Get POSTS_TABLE failed.
	SELECT post_id, poster_id 
	    FROM phpbb_posts 
	    WHERE topic_id = 656 and 1=2 union select CONCAT(0x27,0x7c,0x5f,0x7c),CONCAT(0x27,0x7c,0x5f,0x7c),CONCAT(0x27,0x7c,0x5f,0x7c),CONCAT(0x27,0x7c,0x5f,0x7c),CONCAT(0x27,0x7c,0x5f,0x7c),CONCAT(0x27,0x7c,0x5f,0x7c),CONCAT(0x27,0x7c,0x5f,0x7c),CONCAT(0x27,0x7c,0x5f,0x7c),CONCAT(0x27,0x7c,0x5f,0x7c),CONCAT(0x27,0x7c,0x5f,0x7c) /* 
	    ORDER BY post_time 
	    LIMIT 0, 1
2010-07-05 08:44:18	Get POSTS_TEXT_TABLE failed.
	SELECT post_subject, post_text 
	    FROM phpbb_posts_text 
	    WHERE post_id = 
2010-07-05 08:44:18	Get USERS_TABLE failed.
	SELECT username, user_password, user_email 
	    FROM phpbb_users 
	    WHERE user_id = 
2010-07-05 08:44:18	Get TOPICS_TABLE failed.
	SELECT forum_id, topic_replies 
	    FROM phpbb_topics 
	    WHERE topic_id = 656 and 1=2 union select CONCAT(0x27,0x7c,0x5f,0x7c),CONCAT(0x27,0x7c,0x5f,0x7c),CONCAT(0x27,0x7c,0x5f,0x7c),CONCAT(0x27,0x7c,0x5f,0x7c),CONCAT(0x27,0x7c,0x5f,0x7c),CONCAT(0x27,0x7c,0x5f,0x7c),CONCAT(0x27,0x7c,0x5f,0x7c),CONCAT(0x27,0x7c,0x5f,0x7c),CONCAT(0x27,0x7c,0x5f,0x7c),CONCAT(0x27,0x7c,0x5f,0x7c) /*
2010-07-05 08:44:18	Get FORUMS_TABLE failed.
	SELECT cat_id, forum_topics, auth_read, auth_post, auth_reply 
	    FROM phpbb_forums 
	    WHERE forum_id = 
2010-07-05 08:44:19	Get POSTS_TABLE failed.
	SELECT post_id, poster_id 
	    FROM phpbb_posts 
	    WHERE topic_id = 2278 and 1=2 union select CONCAT(0x27,0x7c,0x5f,0x7c),CONCAT(0x27,0x7c,0x5f,0x7c),CONCAT(0x27,0x7c,0x5f,0x7c),CONCAT(0x27,0x7c,0x5f,0x7c),CONCAT(0x27,0x7c,0x5f,0x7c),CONCAT(0x27,0x7c,0x5f,0x7c) /* 
	    ORDER BY post_time 
	    LIMIT 0, 1
2010-07-05 08:44:19	Get POSTS_TEXT_TABLE failed.
	SELECT post_subject, post_text 
	    FROM phpbb_posts_text 
	    WHERE post_id = 
2010-07-05 08:44:19	Get USERS_TABLE failed.
	SELECT username, user_password, user_email 
	    FROM phpbb_users 
	    WHERE user_id = 
2010-07-05 08:44:19	Get TOPICS_TABLE failed.
	SELECT forum_id, topic_replies 
	    FROM phpbb_topics 
	    WHERE topic_id = 2278 and 1=2 union select CONCAT(0x27,0x7c,0x5f,0x7c),CONCAT(0x27,0x7c,0x5f,0x7c),CONCAT(0x27,0x7c,0x5f,0x7c),CONCAT(0x27,0x7c,0x5f,0x7c),CONCAT(0x27,0x7c,0x5f,0x7c),CONCAT(0x27,0x7c,0x5f,0x7c) /*
2010-07-05 08:44:19	Get FORUMS_TABLE failed.
	SELECT cat_id, forum_topics, auth_read, auth_post, auth_reply 
	    FROM phpbb_forums 
	    WHERE forum_id = 
2010-07-05 08:44:19	Get POSTS_TABLE failed.
	SELECT post_id, poster_id 
	    FROM phpbb_posts 
	    WHERE topic_id = 2229 and 1=2 union select CONCAT(0x27,0x7c,0x5f,0x7c),CONCAT(0x27,0x7c,0x5f,0x7c),CONCAT(0x27,0x7c,0x5f,0x7c),CONCAT(0x27,0x7c,0x5f,0x7c),CONCAT(0x27,0x7c,0x5f,0x7c),CONCAT(0x27,0x7c,0x5f,0x7c),CONCAT(0x27,0x7c,0x5f,0x7c),CONCAT(0x27,0x7c,0x5f,0x7c),CONCAT(0x27,0x7c,0x5f,0x7c),CONCAT(0x27,0x7c,0x5f,0x7c),CONCAT(0x27,0x7c,0x5f,0x7c),CONCAT(0x27,0x7c,0x5f,0x7c),CONCAT(0x27,0x7c,0x5f,0x7c) /* 
	    ORDER BY post_time 
	    LIMIT 0, 1
2010-07-05 08:44:19	Get POSTS_TEXT_TABLE failed.
	SELECT post_subject, post_text 
	    FROM phpbb_posts_text 
	    WHERE post_id = 
2010-07-05 08:44:19	Get POSTS_TABLE failed.
	SELECT post_id, poster_id 
	    FROM phpbb_posts 
	    WHERE topic_id = 2230 and 1=2 union select CONCAT(0x27,0x7c,0x5f,0x7c),CONCAT(0x27,0x7c,0x5f,0x7c),CONCAT(0x27,0x7c,0x5f,0x7c),CONCAT(0x27,0x7c,0x5f,0x7c),CONCAT(0x27,0x7c,0x5f,0x7c),CONCAT(0x27,0x7c,0x5f,0x7c),CONCAT(0x27,0x7c,0x5f,0x7c),CONCAT(0x27,0x7c,0x5f,0x7c),CONCAT(0x27,0x7c,0x5f,0x7c),CONCAT(0x27,0x7c,0x5f,0x7c) /* 
	    ORDER BY post_time 
	    LIMIT 0, 1
2010-07-05 08:44:19	Get USERS_TABLE failed.
	SELECT username, user_password, user_email 
	    FROM phpbb_users 
	    WHERE user_id = 
2010-07-05 08:44:19	Get POSTS_TEXT_TABLE failed.
	SELECT post_subject, post_text 
	    FROM phpbb_posts_text 
	    WHERE post_id = 
2010-07-05 08:44:19	Get TOPICS_TABLE failed.
	SELECT forum_id, topic_replies 
	    FROM phpbb_topics 
	    WHERE topic_id = 2229 and 1=2 union select CONCAT(0x27,0x7c,0x5f,0x7c),CONCAT(0x27,0x7c,0x5f,0x7c),CONCAT(0x27,0x7c,0x5f,0x7c),CONCAT(0x27,0x7c,0x5f,0x7c),CONCAT(0x27,0x7c,0x5f,0x7c),CONCAT(0x27,0x7c,0x5f,0x7c),CONCAT(0x27,0x7c,0x5f,0x7c),CONCAT(0x27,0x7c,0x5f,0x7c),CONCAT(0x27,0x7c,0x5f,0x7c),CONCAT(0x27,0x7c,0x5f,0x7c),CONCAT(0x27,0x7c,0x5f,0x7c),CONCAT(0x27,0x7c,0x5f,0x7c),CONCAT(0x27,0x7c,0x5f,0x7c) /*
2010-07-05 08:44:19	Get USERS_TABLE failed.
	SELECT username, user_password, user_email 
	    FROM phpbb_users 
	    WHERE user_id = 
2010-07-05 08:44:19	Get FORUMS_TABLE failed.
	SELECT cat_id, forum_topics, auth_read, auth_post, auth_reply 
	    FROM phpbb_forums 
	    WHERE forum_id = 
2010-07-05 08:44:19	Get TOPICS_TABLE failed.
	SELECT forum_id, topic_replies 
	    FROM phpbb_topics 
	    WHERE topic_id = 2230 and 1=2 union select CONCAT(0x27,0x7c,0x5f,0x7c),CONCAT(0x27,0x7c,0x5f,0x7c),CONCAT(0x27,0x7c,0x5f,0x7c),CONCAT(0x27,0x7c,0x5f,0x7c),CONCAT(0x27,0x7c,0x5f,0x7c),CONCAT(0x27,0x7c,0x5f,0x7c),CONCAT(0x27,0x7c,0x5f,0x7c),CONCAT(0x27,0x7c,0x5f,0x7c),CONCAT(0x27,0x7c,0x5f,0x7c),CONCAT(0x27,0x7c,0x5f,0x7c) /*
2010-07-05 08:44:19	Get FORUMS_TABLE failed.
	SELECT cat_id, forum_topics, auth_read, auth_post, auth_reply 
	    FROM phpbb_forums 
	    WHERE forum_id = 
2010-07-05 08:44:19	Get POSTS_TABLE failed.
	SELECT post_id, poster_id 
	    FROM phpbb_posts 
	    WHERE topic_id = 656 and 1=2 union select CONCAT(0x27,0x7c,0x5f,0x7c),CONCAT(0x27,0x7c,0x5f,0x7c),CONCAT(0x27,0x7c,0x5f,0x7c),CONCAT(0x27,0x7c,0x5f,0x7c),CONCAT(0x27,0x7c,0x5f,0x7c),CONCAT(0x27,0x7c,0x5f,0x7c),CONCAT(0x27,0x7c,0x5f,0x7c),CONCAT(0x27,0x7c,0x5f,0x7c),CONCAT(0x27,0x7c,0x5f,0x7c),CONCAT(0x27,0x7c,0x5f,0x7c),CONCAT(0x27,0x7c,0x5f,0x7c) /* 
	    ORDER BY post_time 
	    LIMIT 0, 1
2010-07-05 08:44:19	Get POSTS_TEXT_TABLE failed.
	SELECT post_subject, post_text 
	    FROM phpbb_posts_text 
	    WHERE post_id = 
2010-07-05 08:44:19	Get USERS_TABLE failed.
	SELECT username, user_password, user_email 
	    FROM phpbb_users 
	    WHERE user_id = 
2010-07-05 08:44:19	Get TOPICS_TABLE failed.
	SELECT forum_id, topic_replies 
	    FROM phpbb_topics 
	    WHERE topic_id = 656 and 1=2 union select CONCAT(0x27,0x7c,0x5f,0x7c),CONCAT(0x27,0x7c,0x5f,0x7c),CONCAT(0x27,0x7c,0x5f,0x7c),CONCAT(0x27,0x7c,0x5f,0x7c),CONCAT(0x27,0x7c,0x5f,0x7c),CONCAT(0x27,0x7c,0x5f,0x7c),CONCAT(0x27,0x7c,0x5f,0x7c),CONCAT(0x27,0x7c,0x5f,0x7c),CONCAT(0x27,0x7c,0x5f,0x7c),CONCAT(0x27,0x7c,0x5f,0x7c),CONCAT(0x27,0x7c,0x5f,0x7c) /*
2010-07-05 08:44:19	Get FORUMS_TABLE failed.
	SELECT cat_id, forum_topics, auth_read, auth_post, auth_reply 
	    FROM phpbb_forums 
	    WHERE forum_id = 
2010-07-05 08:44:19	Get POSTS_TABLE failed.
	SELECT post_id, poster_id 
	    FROM phpbb_posts 
	    WHERE topic_id = 2278 and 1=2 union select CONCAT(0x27,0x7c,0x5f,0x7c),CONCAT(0x27,0x7c,0x5f,0x7c),CONCAT(0x27,0x7c,0x5f,0x7c),CONCAT(0x27,0x7c,0x5f,0x7c),CONCAT(0x27,0x7c,0x5f,0x7c),CONCAT(0x27,0x7c,0x5f,0x7c),CONCAT(0x27,0x7c,0x5f,0x7c) /* 
	    ORDER BY post_time 
	    LIMIT 0, 1
2010-07-05 08:44:19	Get POSTS_TEXT_TABLE failed.
	SELECT post_subject, post_text 
	    FROM phpbb_posts_text 
	    WHERE post_id = 
2010-07-05 08:44:19	Get USERS_TABLE failed.
	SELECT username, user_password, user_email 
	    FROM phpbb_users 
	    WHERE user_id = 
2010-07-05 08:44:19	Get TOPICS_TABLE failed.
	SELECT forum_id, topic_replies 
	    FROM phpbb_topics 
	    WHERE topic_id = 2278 and 1=2 union select CONCAT(0x27,0x7c,0x5f,0x7c),CONCAT(0x27,0x7c,0x5f,0x7c),CONCAT(0x27,0x7c,0x5f,0x7c),CONCAT(0x27,0x7c,0x5f,0x7c),CONCAT(0x27,0x7c,0x5f,0x7c),CONCAT(0x27,0x7c,0x5f,0x7c),CONCAT(0x27,0x7c,0x5f,0x7c) /*
2010-07-05 08:44:19	Get FORUMS_TABLE failed.
	SELECT cat_id, forum_topics, auth_read, auth_post, auth_reply 
	    FROM phpbb_forums 
	    WHERE forum_id = 
2010-07-05 08:44:19	Get POSTS_TABLE failed.
	SELECT post_id, poster_id 
	    FROM phpbb_posts 
	    WHERE topic_id = 2230 and 1=2 union select CONCAT(0x27,0x7c,0x5f,0x7c),CONCAT(0x27,0x7c,0x5f,0x7c),CONCAT(0x27,0x7c,0x5f,0x7c),CONCAT(0x27,0x7c,0x5f,0x7c),CONCAT(0x27,0x7c,0x5f,0x7c),CONCAT(0x27,0x7c,0x5f,0x7c),CONCAT(0x27,0x7c,0x5f,0x7c),CONCAT(0x27,0x7c,0x5f,0x7c),CONCAT(0x27,0x7c,0x5f,0x7c),CONCAT(0x27,0x7c,0x5f,0x7c),CONCAT(0x27,0x7c,0x5f,0x7c) /* 
	    ORDER BY post_time 
	    LIMIT 0, 1
2010-07-05 08:44:19	Get POSTS_TEXT_TABLE failed.
	SELECT post_subject, post_text 
	    FROM phpbb_posts_text 
	    WHERE post_id = 
2010-07-05 08:44:19	Get USERS_TABLE failed.
	SELECT username, user_password, user_email 
	    FROM phpbb_users 
	    WHERE user_id = 
2010-07-05 08:44:19	Get TOPICS_TABLE failed.
	SELECT forum_id, topic_replies 
	    FROM phpbb_topics 
	    WHERE topic_id = 2230 and 1=2 union select CONCAT(0x27,0x7c,0x5f,0x7c),CONCAT(0x27,0x7c,0x5f,0x7c),CONCAT(0x27,0x7c,0x5f,0x7c),CONCAT(0x27,0x7c,0x5f,0x7c),CONCAT(0x27,0x7c,0x5f,0x7c),CONCAT(0x27,0x7c,0x5f,0x7c),CONCAT(0x27,0x7c,0x5f,0x7c),CONCAT(0x27,0x7c,0x5f,0x7c),CONCAT(0x27,0x7c,0x5f,0x7c),CONCAT(0x27,0x7c,0x5f,0x7c),CONCAT(0x27,0x7c,0x5f,0x7c) /*
2010-07-05 08:44:19	Get FORUMS_TABLE failed.
	SELECT cat_id, forum_topics, auth_read, auth_post, auth_reply 
	    FROM phpbb_forums 
	    WHERE forum_id = 
2010-07-05 08:44:19	Get POSTS_TABLE failed.
	SELECT post_id, poster_id 
	    FROM phpbb_posts 
	    WHERE topic_id = 656 and 1=2 union select CONCAT(0x27,0x7c,0x5f,0x7c),CONCAT(0x27,0x7c,0x5f,0x7c),CONCAT(0x27,0x7c,0x5f,0x7c),CONCAT(0x27,0x7c,0x5f,0x7c),CONCAT(0x27,0x7c,0x5f,0x7c),CONCAT(0x27,0x7c,0x5f,0x7c),CONCAT(0x27,0x7c,0x5f,0x7c),CONCAT(0x27,0x7c,0x5f,0x7c),CONCAT(0x27,0x7c,0x5f,0x7c),CONCAT(0x27,0x7c,0x5f,0x7c),CONCAT(0x27,0x7c,0x5f,0x7c),CONCAT(0x27,0x7c,0x5f,0x7c) /* 
	    ORDER BY post_time 
	    LIMIT 0, 1
2010-07-05 08:44:19	Get POSTS_TEXT_TABLE failed.
	SELECT post_subject, post_text 
	    FROM phpbb_posts_text 
	    WHERE post_id = 
2010-07-05 08:44:19	Get USERS_TABLE failed.
	SELECT username, user_password, user_email 
	    FROM phpbb_users 
	    WHERE user_id = 
2010-07-05 08:44:19	Get TOPICS_TABLE failed.
	SELECT forum_id, topic_replies 
	    FROM phpbb_topics 
	    WHERE topic_id = 656 and 1=2 union select CONCAT(0x27,0x7c,0x5f,0x7c),CONCAT(0x27,0x7c,0x5f,0x7c),CONCAT(0x27,0x7c,0x5f,0x7c),CONCAT(0x27,0x7c,0x5f,0x7c),CONCAT(0x27,0x7c,0x5f,0x7c),CONCAT(0x27,0x7c,0x5f,0x7c),CONCAT(0x27,0x7c,0x5f,0x7c),CONCAT(0x27,0x7c,0x5f,0x7c),CONCAT(0x27,0x7c,0x5f,0x7c),CONCAT(0x27,0x7c,0x5f,0x7c),CONCAT(0x27,0x7c,0x5f,0x7c),CONCAT(0x27,0x7c,0x5f,0x7c) /*
2010-07-05 08:44:19	Get FORUMS_TABLE failed.
	SELECT cat_id, forum_topics, auth_read, auth_post, auth_reply 
	    FROM phpbb_forums 
	    WHERE forum_id = 
2010-07-05 08:44:20	Get POSTS_TABLE failed.
	SELECT post_id, poster_id 
	    FROM phpbb_posts 
	    WHERE topic_id = 2278 and 1=2 union select CONCAT(0x27,0x7c,0x5f,0x7c),CONCAT(0x27,0x7c,0x5f,0x7c),CONCAT(0x27,0x7c,0x5f,0x7c),CONCAT(0x27,0x7c,0x5f,0x7c),CONCAT(0x27,0x7c,0x5f,0x7c),CONCAT(0x27,0x7c,0x5f,0x7c),CONCAT(0x27,0x7c,0x5f,0x7c),CONCAT(0x27,0x7c,0x5f,0x7c) /* 
	    ORDER BY post_time 
	    LIMIT 0, 1
2010-07-05 08:44:20	Get POSTS_TEXT_TABLE failed.
	SELECT post_subject, post_text 
	    FROM phpbb_posts_text 
	    WHERE post_id = 
2010-07-05 08:44:20	Get USERS_TABLE failed.
	SELECT username, user_password, user_email 
	    FROM phpbb_users 
	    WHERE user_id = 
2010-07-05 08:44:20	Get TOPICS_TABLE failed.
	SELECT forum_id, topic_replies 
	    FROM phpbb_topics 
	    WHERE topic_id = 2278 and 1=2 union select CONCAT(0x27,0x7c,0x5f,0x7c),CONCAT(0x27,0x7c,0x5f,0x7c),CONCAT(0x27,0x7c,0x5f,0x7c),CONCAT(0x27,0x7c,0x5f,0x7c),CONCAT(0x27,0x7c,0x5f,0x7c),CONCAT(0x27,0x7c,0x5f,0x7c),CONCAT(0x27,0x7c,0x5f,0x7c),CONCAT(0x27,0x7c,0x5f,0x7c) /*
2010-07-05 08:44:20	Get FORUMS_TABLE failed.
	SELECT cat_id, forum_topics, auth_read, auth_post, auth_reply 
	    FROM phpbb_forums 
	    WHERE forum_id = 
2010-07-05 08:44:20	Get POSTS_TABLE failed.
	SELECT post_id, poster_id 
	    FROM phpbb_posts 
	    WHERE topic_id = 656 and 1=2 union select CONCAT(0x27,0x7c,0x5f,0x7c),CONCAT(0x27,0x7c,0x5f,0x7c),CONCAT(0x27,0x7c,0x5f,0x7c),CONCAT(0x27,0x7c,0x5f,0x7c),CONCAT(0x27,0x7c,0x5f,0x7c),CONCAT(0x27,0x7c,0x5f,0x7c),CONCAT(0x27,0x7c,0x5f,0x7c),CONCAT(0x27,0x7c,0x5f,0x7c),CONCAT(0x27,0x7c,0x5f,0x7c),CONCAT(0x27,0x7c,0x5f,0x7c),CONCAT(0x27,0x7c,0x5f,0x7c),CONCAT(0x27,0x7c,0x5f,0x7c),CONCAT(0x27,0x7c,0x5f,0x7c) /* 
	    ORDER BY post_time 
	    LIMIT 0, 1
2010-07-05 08:44:20	Get POSTS_TEXT_TABLE failed.
	SELECT post_subject, post_text 
	    FROM phpbb_posts_text 
	    WHERE post_id = 
2010-07-05 08:44:20	Get USERS_TABLE failed.
	SELECT username, user_password, user_email 
	    FROM phpbb_users 
	    WHERE user_id = 
2010-07-05 08:44:20	Get TOPICS_TABLE failed.
	SELECT forum_id, topic_replies 
	    FROM phpbb_topics 
	    WHERE topic_id = 656 and 1=2 union select CONCAT(0x27,0x7c,0x5f,0x7c),CONCAT(0x27,0x7c,0x5f,0x7c),CONCAT(0x27,0x7c,0x5f,0x7c),CONCAT(0x27,0x7c,0x5f,0x7c),CONCAT(0x27,0x7c,0x5f,0x7c),CONCAT(0x27,0x7c,0x5f,0x7c),CONCAT(0x27,0x7c,0x5f,0x7c),CONCAT(0x27,0x7c,0x5f,0x7c),CONCAT(0x27,0x7c,0x5f,0x7c),CONCAT(0x27,0x7c,0x5f,0x7c),CONCAT(0x27,0x7c,0x5f,0x7c),CONCAT(0x27,0x7c,0x5f,0x7c),CONCAT(0x27,0x7c,0x5f,0x7c) /*
2010-07-05 08:44:20	Get FORUMS_TABLE failed.
	SELECT cat_id, forum_topics, auth_read, auth_post, auth_reply 
	    FROM phpbb_forums 
	    WHERE forum_id = 
2010-07-05 08:44:20	Get POSTS_TABLE failed.
	SELECT post_id, poster_id 
	    FROM phpbb_posts 
	    WHERE topic_id = 2230 and 1=2 union select CONCAT(0x27,0x7c,0x5f,0x7c),CONCAT(0x27,0x7c,0x5f,0x7c),CONCAT(0x27,0x7c,0x5f,0x7c),CONCAT(0x27,0x7c,0x5f,0x7c),CONCAT(0x27,0x7c,0x5f,0x7c),CONCAT(0x27,0x7c,0x5f,0x7c),CONCAT(0x27,0x7c,0x5f,0x7c),CONCAT(0x27,0x7c,0x5f,0x7c),CONCAT(0x27,0x7c,0x5f,0x7c),CONCAT(0x27,0x7c,0x5f,0x7c),CONCAT(0x27,0x7c,0x5f,0x7c),CONCAT(0x27,0x7c,0x5f,0x7c) /* 
	    ORDER BY post_time 
	    LIMIT 0, 1
2010-07-05 08:44:20	Get POSTS_TEXT_TABLE failed.
	SELECT post_subject, post_text 
	    FROM phpbb_posts_text 
	    WHERE post_id = 
2010-07-05 08:44:20	Get USERS_TABLE failed.
	SELECT username, user_password, user_email 
	    FROM phpbb_users 
	    WHERE user_id = 
2010-07-05 08:44:20	Get TOPICS_TABLE failed.
	SELECT forum_id, topic_replies 
	    FROM phpbb_topics 
	    WHERE topic_id = 2230 and 1=2 union select CONCAT(0x27,0x7c,0x5f,0x7c),CONCAT(0x27,0x7c,0x5f,0x7c),CONCAT(0x27,0x7c,0x5f,0x7c),CONCAT(0x27,0x7c,0x5f,0x7c),CONCAT(0x27,0x7c,0x5f,0x7c),CONCAT(0x27,0x7c,0x5f,0x7c),CONCAT(0x27,0x7c,0x5f,0x7c),CONCAT(0x27,0x7c,0x5f,0x7c),CONCAT(0x27,0x7c,0x5f,0x7c),CONCAT(0x27,0x7c,0x5f,0x7c),CONCAT(0x27,0x7c,0x5f,0x7c),CONCAT(0x27,0x7c,0x5f,0x7c) /*
2010-07-05 08:44:20	Get FORUMS_TABLE failed.
	SELECT cat_id, forum_topics, auth_read, auth_post, auth_reply 
	    FROM phpbb_forums 
	    WHERE forum_id = 
2010-07-05 08:44:20	Get POSTS_TABLE failed.
	SELECT post_id, poster_id 
	    FROM phpbb_posts 
	    WHERE topic_id = 656 and 1=2 union select CONCAT(0x27,0x7c,0x5f,0x7c),CONCAT(0x27,0x7c,0x5f,0x7c),CONCAT(0x27,0x7c,0x5f,0x7c),CONCAT(0x27,0x7c,0x5f,0x7c),CONCAT(0x27,0x7c,0x5f,0x7c),CONCAT(0x27,0x7c,0x5f,0x7c),CONCAT(0x27,0x7c,0x5f,0x7c),CONCAT(0x27,0x7c,0x5f,0x7c),CONCAT(0x27,0x7c,0x5f,0x7c),CONCAT(0x27,0x7c,0x5f,0x7c),CONCAT(0x27,0x7c,0x5f,0x7c),CONCAT(0x27,0x7c,0x5f,0x7c),CONCAT(0x27,0x7c,0x5f,0x7c),CONCAT(0x27,0x7c,0x5f,0x7c) /* 
	    ORDER BY post_time 
	    LIMIT 0, 1
2010-07-05 08:44:20	Get POSTS_TEXT_TABLE failed.
	SELECT post_subject, post_text 
	    FROM phpbb_posts_text 
	    WHERE post_id = 
2010-07-05 08:44:20	Get USERS_TABLE failed.
	SELECT username, user_password, user_email 
	    FROM phpbb_users 
	    WHERE user_id = 
2010-07-05 08:44:20	Get TOPICS_TABLE failed.
	SELECT forum_id, topic_replies 
	    FROM phpbb_topics 
	    WHERE topic_id = 656 and 1=2 union select CONCAT(0x27,0x7c,0x5f,0x7c),CONCAT(0x27,0x7c,0x5f,0x7c),CONCAT(0x27,0x7c,0x5f,0x7c),CONCAT(0x27,0x7c,0x5f,0x7c),CONCAT(0x27,0x7c,0x5f,0x7c),CONCAT(0x27,0x7c,0x5f,0x7c),CONCAT(0x27,0x7c,0x5f,0x7c),CONCAT(0x27,0x7c,0x5f,0x7c),CONCAT(0x27,0x7c,0x5f,0x7c),CONCAT(0x27,0x7c,0x5f,0x7c),CONCAT(0x27,0x7c,0x5f,0x7c),CONCAT(0x27,0x7c,0x5f,0x7c),CONCAT(0x27,0x7c,0x5f,0x7c),CONCAT(0x27,0x7c,0x5f,0x7c) /*
2010-07-05 08:44:20	Get FORUMS_TABLE failed.
	SELECT cat_id, forum_topics, auth_read, auth_post, auth_reply 
	    FROM phpbb_forums 
	    WHERE forum_id = 
2010-07-05 08:44:20	Get POSTS_TABLE failed.
	SELECT post_id, poster_id 
	    FROM phpbb_posts 
	    WHERE topic_id = 2278 and 1=2 union select CONCAT(0x27,0x7c,0x5f,0x7c),CONCAT(0x27,0x7c,0x5f,0x7c),CONCAT(0x27,0x7c,0x5f,0x7c),CONCAT(0x27,0x7c,0x5f,0x7c),CONCAT(0x27,0x7c,0x5f,0x7c),CONCAT(0x27,0x7c,0x5f,0x7c),CONCAT(0x27,0x7c,0x5f,0x7c),CONCAT(0x27,0x7c,0x5f,0x7c),CONCAT(0x27,0x7c,0x5f,0x7c) /* 
	    ORDER BY post_time 
	    LIMIT 0, 1
2010-07-05 08:44:20	Get POSTS_TEXT_TABLE failed.
	SELECT post_subject, post_text 
	    FROM phpbb_posts_text 
	    WHERE post_id = 
2010-07-05 08:44:20	Get USERS_TABLE failed.
	SELECT username, user_password, user_email 
	    FROM phpbb_users 
	    WHERE user_id = 
2010-07-05 08:44:20	Get TOPICS_TABLE failed.
	SELECT forum_id, topic_replies 
	    FROM phpbb_topics 
	    WHERE topic_id = 2278 and 1=2 union select CONCAT(0x27,0x7c,0x5f,0x7c),CONCAT(0x27,0x7c,0x5f,0x7c),CONCAT(0x27,0x7c,0x5f,0x7c),CONCAT(0x27,0x7c,0x5f,0x7c),CONCAT(0x27,0x7c,0x5f,0x7c),CONCAT(0x27,0x7c,0x5f,0x7c),CONCAT(0x27,0x7c,0x5f,0x7c),CONCAT(0x27,0x7c,0x5f,0x7c),CONCAT(0x27,0x7c,0x5f,0x7c) /*
2010-07-05 08:44:20	Get FORUMS_TABLE failed.
	SELECT cat_id, forum_topics, auth_read, auth_post, auth_reply 
	    FROM phpbb_forums 
	    WHERE forum_id = 
2010-07-05 08:44:20	Get POSTS_TABLE failed.
	SELECT post_id, poster_id 
	    FROM phpbb_posts 
	    WHERE topic_id = 2230 and 1=2 union select CONCAT(0x27,0x7c,0x5f,0x7c),CONCAT(0x27,0x7c,0x5f,0x7c),CONCAT(0x27,0x7c,0x5f,0x7c),CONCAT(0x27,0x7c,0x5f,0x7c),CONCAT(0x27,0x7c,0x5f,0x7c),CONCAT(0x27,0x7c,0x5f,0x7c),CONCAT(0x27,0x7c,0x5f,0x7c),CONCAT(0x27,0x7c,0x5f,0x7c),CONCAT(0x27,0x7c,0x5f,0x7c),CONCAT(0x27,0x7c,0x5f,0x7c),CONCAT(0x27,0x7c,0x5f,0x7c),CONCAT(0x27,0x7c,0x5f,0x7c),CONCAT(0x27,0x7c,0x5f,0x7c) /* 
	    ORDER BY post_time 
	    LIMIT 0, 1
2010-07-05 08:44:20	Get POSTS_TEXT_TABLE failed.
	SELECT post_subject, post_text 
	    FROM phpbb_posts_text 
	    WHERE post_id = 
2010-07-05 08:44:20	Get USERS_TABLE failed.
	SELECT username, user_password, user_email 
	    FROM phpbb_users 
	    WHERE user_id = 
2010-07-05 08:44:20	Get TOPICS_TABLE failed.
	SELECT forum_id, topic_replies 
	    FROM phpbb_topics 
	    WHERE topic_id = 2230 and 1=2 union select CONCAT(0x27,0x7c,0x5f,0x7c),CONCAT(0x27,0x7c,0x5f,0x7c),CONCAT(0x27,0x7c,0x5f,0x7c),CONCAT(0x27,0x7c,0x5f,0x7c),CONCAT(0x27,0x7c,0x5f,0x7c),CONCAT(0x27,0x7c,0x5f,0x7c),CONCAT(0x27,0x7c,0x5f,0x7c),CONCAT(0x27,0x7c,0x5f,0x7c),CONCAT(0x27,0x7c,0x5f,0x7c),CONCAT(0x27,0x7c,0x5f,0x7c),CONCAT(0x27,0x7c,0x5f,0x7c),CONCAT(0x27,0x7c,0x5f,0x7c),CONCAT(0x27,0x7c,0x5f,0x7c) /*
2010-07-05 08:44:20	Get FORUMS_TABLE failed.
	SELECT cat_id, forum_topics, auth_read, auth_post, auth_reply 
	    FROM phpbb_forums 
	    WHERE forum_id = 
2010-07-05 08:44:21	Get POSTS_TABLE failed.
	SELECT post_id, poster_id 
	    FROM phpbb_posts 
	    WHERE topic_id = 2229 and 1=2 union select CONCAT(0x27,0x7c,0x5f,0x7c),CONCAT(0x27,0x7c,0x5f,0x7c),CONCAT(0x27,0x7c,0x5f,0x7c),CONCAT(0x27,0x7c,0x5f,0x7c),CONCAT(0x27,0x7c,0x5f,0x7c),CONCAT(0x27,0x7c,0x5f,0x7c),CONCAT(0x27,0x7c,0x5f,0x7c),CONCAT(0x27,0x7c,0x5f,0x7c),CONCAT(0x27,0x7c,0x5f,0x7c),CONCAT(0x27,0x7c,0x5f,0x7c),CONCAT(0x27,0x7c,0x5f,0x7c),CONCAT(0x27,0x7c,0x5f,0x7c),CONCAT(0x27,0x7c,0x5f,0x7c),CONCAT(0x27,0x7c,0x5f,0x7c) /* 
	    ORDER BY post_time 
	    LIMIT 0, 1
2010-07-05 08:44:21	Get POSTS_TEXT_TABLE failed.
	SELECT post_subject, post_text 
	    FROM phpbb_posts_text 
	    WHERE post_id = 
2010-07-05 08:44:21	Get USERS_TABLE failed.
	SELECT username, user_password, user_email 
	    FROM phpbb_users 
	    WHERE user_id = 
2010-07-05 08:44:21	Get TOPICS_TABLE failed.
	SELECT forum_id, topic_replies 
	    FROM phpbb_topics 
	    WHERE topic_id = 2229 and 1=2 union select CONCAT(0x27,0x7c,0x5f,0x7c),CONCAT(0x27,0x7c,0x5f,0x7c),CONCAT(0x27,0x7c,0x5f,0x7c),CONCAT(0x27,0x7c,0x5f,0x7c),CONCAT(0x27,0x7c,0x5f,0x7c),CONCAT(0x27,0x7c,0x5f,0x7c),CONCAT(0x27,0x7c,0x5f,0x7c),CONCAT(0x27,0x7c,0x5f,0x7c),CONCAT(0x27,0x7c,0x5f,0x7c),CONCAT(0x27,0x7c,0x5f,0x7c),CONCAT(0x27,0x7c,0x5f,0x7c),CONCAT(0x27,0x7c,0x5f,0x7c),CONCAT(0x27,0x7c,0x5f,0x7c),CONCAT(0x27,0x7c,0x5f,0x7c) /*
2010-07-05 08:44:21	Get FORUMS_TABLE failed.
	SELECT cat_id, forum_topics, auth_read, auth_post, auth_reply 
	    FROM phpbb_forums 
	    WHERE forum_id = 
2010-07-05 08:44:21	Get POSTS_TABLE failed.
	SELECT post_id, poster_id 
	    FROM phpbb_posts 
	    WHERE topic_id = 656 and 1=2 union select CONCAT(0x27,0x7c,0x5f,0x7c),CONCAT(0x27,0x7c,0x5f,0x7c),CONCAT(0x27,0x7c,0x5f,0x7c),CONCAT(0x27,0x7c,0x5f,0x7c),CONCAT(0x27,0x7c,0x5f,0x7c),CONCAT(0x27,0x7c,0x5f,0x7c),CONCAT(0x27,0x7c,0x5f,0x7c),CONCAT(0x27,0x7c,0x5f,0x7c),CONCAT(0x27,0x7c,0x5f,0x7c),CONCAT(0x27,0x7c,0x5f,0x7c),CONCAT(0x27,0x7c,0x5f,0x7c),CONCAT(0x27,0x7c,0x5f,0x7c),CONCAT(0x27,0x7c,0x5f,0x7c),CONCAT(0x27,0x7c,0x5f,0x7c),CONCAT(0x27,0x7c,0x5f,0x7c) /* 
	    ORDER BY post_time 
	    LIMIT 0, 1
2010-07-05 08:44:21	Get POSTS_TEXT_TABLE failed.
	SELECT post_subject, post_text 
	    FROM phpbb_posts_text 
	    WHERE post_id = 
2010-07-05 08:44:21	Get USERS_TABLE failed.
	SELECT username, user_password, user_email 
	    FROM phpbb_users 
	    WHERE user_id = 
2010-07-05 08:44:21	Get TOPICS_TABLE failed.
	SELECT forum_id, topic_replies 
	    FROM phpbb_topics 
	    WHERE topic_id = 656 and 1=2 union select CONCAT(0x27,0x7c,0x5f,0x7c),CONCAT(0x27,0x7c,0x5f,0x7c),CONCAT(0x27,0x7c,0x5f,0x7c),CONCAT(0x27,0x7c,0x5f,0x7c),CONCAT(0x27,0x7c,0x5f,0x7c),CONCAT(0x27,0x7c,0x5f,0x7c),CONCAT(0x27,0x7c,0x5f,0x7c),CONCAT(0x27,0x7c,0x5f,0x7c),CONCAT(0x27,0x7c,0x5f,0x7c),CONCAT(0x27,0x7c,0x5f,0x7c),CONCAT(0x27,0x7c,0x5f,0x7c),CONCAT(0x27,0x7c,0x5f,0x7c),CONCAT(0x27,0x7c,0x5f,0x7c),CONCAT(0x27,0x7c,0x5f,0x7c),CONCAT(0x27,0x7c,0x5f,0x7c) /*
2010-07-05 08:44:21	Get FORUMS_TABLE failed.
	SELECT cat_id, forum_topics, auth_read, auth_post, auth_reply 
	    FROM phpbb_forums 
	    WHERE forum_id = 
2010-07-05 08:44:21	Get POSTS_TABLE failed.
	SELECT post_id, poster_id 
	    FROM phpbb_posts 
	    WHERE topic_id = 2278 and 1=2 union select CONCAT(0x27,0x7c,0x5f,0x7c),CONCAT(0x27,0x7c,0x5f,0x7c),CONCAT(0x27,0x7c,0x5f,0x7c),CONCAT(0x27,0x7c,0x5f,0x7c),CONCAT(0x27,0x7c,0x5f,0x7c),CONCAT(0x27,0x7c,0x5f,0x7c),CONCAT(0x27,0x7c,0x5f,0x7c),CONCAT(0x27,0x7c,0x5f,0x7c),CONCAT(0x27,0x7c,0x5f,0x7c),CONCAT(0x27,0x7c,0x5f,0x7c) /* 
	    ORDER BY post_time 
	    LIMIT 0, 1
2010-07-05 08:44:21	Get POSTS_TEXT_TABLE failed.
	SELECT post_subject, post_text 
	    FROM phpbb_posts_text 
	    WHERE post_id = 
2010-07-05 08:44:21	Get USERS_TABLE failed.
	SELECT username, user_password, user_email 
	    FROM phpbb_users 
	    WHERE user_id = 
2010-07-05 08:44:21	Get TOPICS_TABLE failed.
	SELECT forum_id, topic_replies 
	    FROM phpbb_topics 
	    WHERE topic_id = 2278 and 1=2 union select CONCAT(0x27,0x7c,0x5f,0x7c),CONCAT(0x27,0x7c,0x5f,0x7c),CONCAT(0x27,0x7c,0x5f,0x7c),CONCAT(0x27,0x7c,0x5f,0x7c),CONCAT(0x27,0x7c,0x5f,0x7c),CONCAT(0x27,0x7c,0x5f,0x7c),CONCAT(0x27,0x7c,0x5f,0x7c),CONCAT(0x27,0x7c,0x5f,0x7c),CONCAT(0x27,0x7c,0x5f,0x7c),CONCAT(0x27,0x7c,0x5f,0x7c) /*
2010-07-05 08:44:21	Get FORUMS_TABLE failed.
	SELECT cat_id, forum_topics, auth_read, auth_post, auth_reply 
	    FROM phpbb_forums 
	    WHERE forum_id = 
2010-07-05 08:44:21	Get POSTS_TABLE failed.
	SELECT post_id, poster_id 
	    FROM phpbb_posts 
	    WHERE topic_id = 2230 and 1=2 union select CONCAT(0x27,0x7c,0x5f,0x7c),CONCAT(0x27,0x7c,0x5f,0x7c),CONCAT(0x27,0x7c,0x5f,0x7c),CONCAT(0x27,0x7c,0x5f,0x7c),CONCAT(0x27,0x7c,0x5f,0x7c),CONCAT(0x27,0x7c,0x5f,0x7c),CONCAT(0x27,0x7c,0x5f,0x7c),CONCAT(0x27,0x7c,0x5f,0x7c),CONCAT(0x27,0x7c,0x5f,0x7c),CONCAT(0x27,0x7c,0x5f,0x7c),CONCAT(0x27,0x7c,0x5f,0x7c),CONCAT(0x27,0x7c,0x5f,0x7c),CONCAT(0x27,0x7c,0x5f,0x7c),CONCAT(0x27,0x7c,0x5f,0x7c) /* 
	    ORDER BY post_time 
	    LIMIT 0, 1
2010-07-05 08:44:21	Get POSTS_TEXT_TABLE failed.
	SELECT post_subject, post_text 
	    FROM phpbb_posts_text 
	    WHERE post_id = 
2010-07-05 08:44:21	Get USERS_TABLE failed.
	SELECT username, user_password, user_email 
	    FROM phpbb_users 
	    WHERE user_id = 
2010-07-05 08:44:21	Get TOPICS_TABLE failed.
	SELECT forum_id, topic_replies 
	    FROM phpbb_topics 
	    WHERE topic_id = 2230 and 1=2 union select CONCAT(0x27,0x7c,0x5f,0x7c),CONCAT(0x27,0x7c,0x5f,0x7c),CONCAT(0x27,0x7c,0x5f,0x7c),CONCAT(0x27,0x7c,0x5f,0x7c),CONCAT(0x27,0x7c,0x5f,0x7c),CONCAT(0x27,0x7c,0x5f,0x7c),CONCAT(0x27,0x7c,0x5f,0x7c),CONCAT(0x27,0x7c,0x5f,0x7c),CONCAT(0x27,0x7c,0x5f,0x7c),CONCAT(0x27,0x7c,0x5f,0x7c),CONCAT(0x27,0x7c,0x5f,0x7c),CONCAT(0x27,0x7c,0x5f,0x7c),CONCAT(0x27,0x7c,0x5f,0x7c),CONCAT(0x27,0x7c,0x5f,0x7c) /*
2010-07-05 08:44:21	Get FORUMS_TABLE failed.
	SELECT cat_id, forum_topics, auth_read, auth_post, auth_reply 
	    FROM phpbb_forums 
	    WHERE forum_id = 
2010-07-05 08:44:22	Get POSTS_TABLE failed.
	SELECT post_id, poster_id 
	    FROM phpbb_posts 
	    WHERE topic_id = 2278 and 1=2 union select CONCAT(0x27,0x7c,0x5f,0x7c),CONCAT(0x27,0x7c,0x5f,0x7c),CONCAT(0x27,0x7c,0x5f,0x7c),CONCAT(0x27,0x7c,0x5f,0x7c),CONCAT(0x27,0x7c,0x5f,0x7c),CONCAT(0x27,0x7c,0x5f,0x7c),CONCAT(0x27,0x7c,0x5f,0x7c),CONCAT(0x27,0x7c,0x5f,0x7c),CONCAT(0x27,0x7c,0x5f,0x7c),CONCAT(0x27,0x7c,0x5f,0x7c),CONCAT(0x27,0x7c,0x5f,0x7c) /* 
	    ORDER BY post_time 
	    LIMIT 0, 1
2010-07-05 08:44:22	Get POSTS_TEXT_TABLE failed.
	SELECT post_subject, post_text 
	    FROM phpbb_posts_text 
	    WHERE post_id = 
2010-07-05 08:44:22	Get USERS_TABLE failed.
	SELECT username, user_password, user_email 
	    FROM phpbb_users 
	    WHERE user_id = 
2010-07-05 08:44:22	Get TOPICS_TABLE failed.
	SELECT forum_id, topic_replies 
	    FROM phpbb_topics 
	    WHERE topic_id = 2278 and 1=2 union select CONCAT(0x27,0x7c,0x5f,0x7c),CONCAT(0x27,0x7c,0x5f,0x7c),CONCAT(0x27,0x7c,0x5f,0x7c),CONCAT(0x27,0x7c,0x5f,0x7c),CONCAT(0x27,0x7c,0x5f,0x7c),CONCAT(0x27,0x7c,0x5f,0x7c),CONCAT(0x27,0x7c,0x5f,0x7c),CONCAT(0x27,0x7c,0x5f,0x7c),CONCAT(0x27,0x7c,0x5f,0x7c),CONCAT(0x27,0x7c,0x5f,0x7c),CONCAT(0x27,0x7c,0x5f,0x7c) /*
2010-07-05 08:44:22	Get POSTS_TABLE failed.
	SELECT post_id, poster_id 
	    FROM phpbb_posts 
	    WHERE topic_id = 2229 and 1=2 union select CONCAT(0x27,0x7c,0x5f,0x7c),CONCAT(0x27,0x7c,0x5f,0x7c),CONCAT(0x27,0x7c,0x5f,0x7c),CONCAT(0x27,0x7c,0x5f,0x7c),CONCAT(0x27,0x7c,0x5f,0x7c),CONCAT(0x27,0x7c,0x5f,0x7c),CONCAT(0x27,0x7c,0x5f,0x7c),CONCAT(0x27,0x7c,0x5f,0x7c),CONCAT(0x27,0x7c,0x5f,0x7c),CONCAT(0x27,0x7c,0x5f,0x7c),CONCAT(0x27,0x7c,0x5f,0x7c),CONCAT(0x27,0x7c,0x5f,0x7c),CONCAT(0x27,0x7c,0x5f,0x7c),CONCAT(0x27,0x7c,0x5f,0x7c),CONCAT(0x27,0x7c,0x5f,0x7c) /* 
	    ORDER BY post_time 
	    LIMIT 0, 1
2010-07-05 08:44:22	Get FORUMS_TABLE failed.
	SELECT cat_id, forum_topics, auth_read, auth_post, auth_reply 
	    FROM phpbb_forums 
	    WHERE forum_id = 
2010-07-05 08:44:22	Get POSTS_TEXT_TABLE failed.
	SELECT post_subject, post_text 
	    FROM phpbb_posts_text 
	    WHERE post_id = 
2010-07-05 08:44:22	Get USERS_TABLE failed.
	SELECT username, user_password, user_email 
	    FROM phpbb_users 
	    WHERE user_id = 
2010-07-05 08:44:22	Get TOPICS_TABLE failed.
	SELECT forum_id, topic_replies 
	    FROM phpbb_topics 
	    WHERE topic_id = 2229 and 1=2 union select CONCAT(0x27,0x7c,0x5f,0x7c),CONCAT(0x27,0x7c,0x5f,0x7c),CONCAT(0x27,0x7c,0x5f,0x7c),CONCAT(0x27,0x7c,0x5f,0x7c),CONCAT(0x27,0x7c,0x5f,0x7c),CONCAT(0x27,0x7c,0x5f,0x7c),CONCAT(0x27,0x7c,0x5f,0x7c),CONCAT(0x27,0x7c,0x5f,0x7c),CONCAT(0x27,0x7c,0x5f,0x7c),CONCAT(0x27,0x7c,0x5f,0x7c),CONCAT(0x27,0x7c,0x5f,0x7c),CONCAT(0x27,0x7c,0x5f,0x7c),CONCAT(0x27,0x7c,0x5f,0x7c),CONCAT(0x27,0x7c,0x5f,0x7c),CONCAT(0x27,0x7c,0x5f,0x7c) /*
2010-07-05 08:44:22	Get FORUMS_TABLE failed.
	SELECT cat_id, forum_topics, auth_read, auth_post, auth_reply 
	    FROM phpbb_forums 
	    WHERE forum_id = 
2010-07-05 08:44:22	Get POSTS_TABLE failed.
	SELECT post_id, poster_id 
	    FROM phpbb_posts 
	    WHERE topic_id = 2230 and 1=2 union select CONCAT(0x27,0x7c,0x5f,0x7c),CONCAT(0x27,0x7c,0x5f,0x7c),CONCAT(0x27,0x7c,0x5f,0x7c),CONCAT(0x27,0x7c,0x5f,0x7c),CONCAT(0x27,0x7c,0x5f,0x7c),CONCAT(0x27,0x7c,0x5f,0x7c),CONCAT(0x27,0x7c,0x5f,0x7c),CONCAT(0x27,0x7c,0x5f,0x7c),CONCAT(0x27,0x7c,0x5f,0x7c),CONCAT(0x27,0x7c,0x5f,0x7c),CONCAT(0x27,0x7c,0x5f,0x7c),CONCAT(0x27,0x7c,0x5f,0x7c),CONCAT(0x27,0x7c,0x5f,0x7c),CONCAT(0x27,0x7c,0x5f,0x7c),CONCAT(0x27,0x7c,0x5f,0x7c) /* 
	    ORDER BY post_time 
	    LIMIT 0, 1
2010-07-05 08:44:22	Get POSTS_TEXT_TABLE failed.
	SELECT post_subject, post_text 
	    FROM phpbb_posts_text 
	    WHERE post_id = 
2010-07-05 08:44:22	Get USERS_TABLE failed.
	SELECT username, user_password, user_email 
	    FROM phpbb_users 
	    WHERE user_id = 
2010-07-05 08:44:22	Get TOPICS_TABLE failed.
	SELECT forum_id, topic_replies 
	    FROM phpbb_topics 
	    WHERE topic_id = 2230 and 1=2 union select CONCAT(0x27,0x7c,0x5f,0x7c),CONCAT(0x27,0x7c,0x5f,0x7c),CONCAT(0x27,0x7c,0x5f,0x7c),CONCAT(0x27,0x7c,0x5f,0x7c),CONCAT(0x27,0x7c,0x5f,0x7c),CONCAT(0x27,0x7c,0x5f,0x7c),CONCAT(0x27,0x7c,0x5f,0x7c),CONCAT(0x27,0x7c,0x5f,0x7c),CONCAT(0x27,0x7c,0x5f,0x7c),CONCAT(0x27,0x7c,0x5f,0x7c),CONCAT(0x27,0x7c,0x5f,0x7c),CONCAT(0x27,0x7c,0x5f,0x7c),CONCAT(0x27,0x7c,0x5f,0x7c),CONCAT(0x27,0x7c,0x5f,0x7c),CONCAT(0x27,0x7c,0x5f,0x7c) /*
2010-07-05 08:44:22	Get FORUMS_TABLE failed.
	SELECT cat_id, forum_topics, auth_read, auth_post, auth_reply 
	    FROM phpbb_forums 
	    WHERE forum_id = 
2010-07-05 08:44:23	Get POSTS_TABLE failed.
	SELECT post_id, poster_id 
	    FROM phpbb_posts 
	    WHERE topic_id = 2278 and 1=2 union select CONCAT(0x27,0x7c,0x5f,0x7c),CONCAT(0x27,0x7c,0x5f,0x7c),CONCAT(0x27,0x7c,0x5f,0x7c),CONCAT(0x27,0x7c,0x5f,0x7c),CONCAT(0x27,0x7c,0x5f,0x7c),CONCAT(0x27,0x7c,0x5f,0x7c),CONCAT(0x27,0x7c,0x5f,0x7c),CONCAT(0x27,0x7c,0x5f,0x7c),CONCAT(0x27,0x7c,0x5f,0x7c),CONCAT(0x27,0x7c,0x5f,0x7c),CONCAT(0x27,0x7c,0x5f,0x7c),CONCAT(0x27,0x7c,0x5f,0x7c) /* 
	    ORDER BY post_time 
	    LIMIT 0, 1
2010-07-05 08:44:23	Get POSTS_TEXT_TABLE failed.
	SELECT post_subject, post_text 
	    FROM phpbb_posts_text 
	    WHERE post_id = 
2010-07-05 08:44:23	Get USERS_TABLE failed.
	SELECT username, user_password, user_email 
	    FROM phpbb_users 
	    WHERE user_id = 
2010-07-05 08:44:23	Get TOPICS_TABLE failed.
	SELECT forum_id, topic_replies 
	    FROM phpbb_topics 
	    WHERE topic_id = 2278 and 1=2 union select CONCAT(0x27,0x7c,0x5f,0x7c),CONCAT(0x27,0x7c,0x5f,0x7c),CONCAT(0x27,0x7c,0x5f,0x7c),CONCAT(0x27,0x7c,0x5f,0x7c),CONCAT(0x27,0x7c,0x5f,0x7c),CONCAT(0x27,0x7c,0x5f,0x7c),CONCAT(0x27,0x7c,0x5f,0x7c),CONCAT(0x27,0x7c,0x5f,0x7c),CONCAT(0x27,0x7c,0x5f,0x7c),CONCAT(0x27,0x7c,0x5f,0x7c),CONCAT(0x27,0x7c,0x5f,0x7c),CONCAT(0x27,0x7c,0x5f,0x7c) /*
2010-07-05 08:44:23	Get FORUMS_TABLE failed.
	SELECT cat_id, forum_topics, auth_read, auth_post, auth_reply 
	    FROM phpbb_forums 
	    WHERE forum_id = 
2010-07-05 08:44:23	Get POSTS_TABLE failed.
	SELECT post_id, poster_id 
	    FROM phpbb_posts 
	    WHERE topic_id = 2278 and 1=2 union select CONCAT(0x27,0x7c,0x5f,0x7c),CONCAT(0x27,0x7c,0x5f,0x7c),CONCAT(0x27,0x7c,0x5f,0x7c),CONCAT(0x27,0x7c,0x5f,0x7c),CONCAT(0x27,0x7c,0x5f,0x7c),CONCAT(0x27,0x7c,0x5f,0x7c),CONCAT(0x27,0x7c,0x5f,0x7c),CONCAT(0x27,0x7c,0x5f,0x7c),CONCAT(0x27,0x7c,0x5f,0x7c),CONCAT(0x27,0x7c,0x5f,0x7c),CONCAT(0x27,0x7c,0x5f,0x7c),CONCAT(0x27,0x7c,0x5f,0x7c),CONCAT(0x27,0x7c,0x5f,0x7c) /* 
	    ORDER BY post_time 
	    LIMIT 0, 1
2010-07-05 08:44:23	Get POSTS_TEXT_TABLE failed.
	SELECT post_subject, post_text 
	    FROM phpbb_posts_text 
	    WHERE post_id = 
2010-07-05 08:44:23	Get USERS_TABLE failed.
	SELECT username, user_password, user_email 
	    FROM phpbb_users 
	    WHERE user_id = 
2010-07-05 08:44:23	Get TOPICS_TABLE failed.
	SELECT forum_id, topic_replies 
	    FROM phpbb_topics 
	    WHERE topic_id = 2278 and 1=2 union select CONCAT(0x27,0x7c,0x5f,0x7c),CONCAT(0x27,0x7c,0x5f,0x7c),CONCAT(0x27,0x7c,0x5f,0x7c),CONCAT(0x27,0x7c,0x5f,0x7c),CONCAT(0x27,0x7c,0x5f,0x7c),CONCAT(0x27,0x7c,0x5f,0x7c),CONCAT(0x27,0x7c,0x5f,0x7c),CONCAT(0x27,0x7c,0x5f,0x7c),CONCAT(0x27,0x7c,0x5f,0x7c),CONCAT(0x27,0x7c,0x5f,0x7c),CONCAT(0x27,0x7c,0x5f,0x7c),CONCAT(0x27,0x7c,0x5f,0x7c),CONCAT(0x27,0x7c,0x5f,0x7c) /*
2010-07-05 08:44:23	Get FORUMS_TABLE failed.
	SELECT cat_id, forum_topics, auth_read, auth_post, auth_reply 
	    FROM phpbb_forums 
	    WHERE forum_id = 
2010-07-05 08:44:24	Get POSTS_TABLE failed.
	SELECT post_id, poster_id 
	    FROM phpbb_posts 
	    WHERE topic_id = 2278 and 1=2 union select CONCAT(0x27,0x7c,0x5f,0x7c),CONCAT(0x27,0x7c,0x5f,0x7c),CONCAT(0x27,0x7c,0x5f,0x7c),CONCAT(0x27,0x7c,0x5f,0x7c),CONCAT(0x27,0x7c,0x5f,0x7c),CONCAT(0x27,0x7c,0x5f,0x7c),CONCAT(0x27,0x7c,0x5f,0x7c),CONCAT(0x27,0x7c,0x5f,0x7c),CONCAT(0x27,0x7c,0x5f,0x7c),CONCAT(0x27,0x7c,0x5f,0x7c),CONCAT(0x27,0x7c,0x5f,0x7c),CONCAT(0x27,0x7c,0x5f,0x7c),CONCAT(0x27,0x7c,0x5f,0x7c),CONCAT(0x27,0x7c,0x5f,0x7c) /* 
	    ORDER BY post_time 
	    LIMIT 0, 1
2010-07-05 08:44:24	Get POSTS_TEXT_TABLE failed.
	SELECT post_subject, post_text 
	    FROM phpbb_posts_text 
	    WHERE post_id = 
2010-07-05 08:44:24	Get USERS_TABLE failed.
	SELECT username, user_password, user_email 
	    FROM phpbb_users 
	    WHERE user_id = 
2010-07-05 08:44:24	Get TOPICS_TABLE failed.
	SELECT forum_id, topic_replies 
	    FROM phpbb_topics 
	    WHERE topic_id = 2278 and 1=2 union select CONCAT(0x27,0x7c,0x5f,0x7c),CONCAT(0x27,0x7c,0x5f,0x7c),CONCAT(0x27,0x7c,0x5f,0x7c),CONCAT(0x27,0x7c,0x5f,0x7c),CONCAT(0x27,0x7c,0x5f,0x7c),CONCAT(0x27,0x7c,0x5f,0x7c),CONCAT(0x27,0x7c,0x5f,0x7c),CONCAT(0x27,0x7c,0x5f,0x7c),CONCAT(0x27,0x7c,0x5f,0x7c),CONCAT(0x27,0x7c,0x5f,0x7c),CONCAT(0x27,0x7c,0x5f,0x7c),CONCAT(0x27,0x7c,0x5f,0x7c),CONCAT(0x27,0x7c,0x5f,0x7c),CONCAT(0x27,0x7c,0x5f,0x7c) /*
2010-07-05 08:44:24	Get FORUMS_TABLE failed.
	SELECT cat_id, forum_topics, auth_read, auth_post, auth_reply 
	    FROM phpbb_forums 
	    WHERE forum_id = 
2010-07-05 08:44:24	Get POSTS_TABLE failed.
	SELECT post_id, poster_id 
	    FROM phpbb_posts 
	    WHERE topic_id = 2278 and 1=2 union select CONCAT(0x27,0x7c,0x5f,0x7c),CONCAT(0x27,0x7c,0x5f,0x7c),CONCAT(0x27,0x7c,0x5f,0x7c),CONCAT(0x27,0x7c,0x5f,0x7c),CONCAT(0x27,0x7c,0x5f,0x7c),CONCAT(0x27,0x7c,0x5f,0x7c),CONCAT(0x27,0x7c,0x5f,0x7c),CONCAT(0x27,0x7c,0x5f,0x7c),CONCAT(0x27,0x7c,0x5f,0x7c),CONCAT(0x27,0x7c,0x5f,0x7c),CONCAT(0x27,0x7c,0x5f,0x7c),CONCAT(0x27,0x7c,0x5f,0x7c),CONCAT(0x27,0x7c,0x5f,0x7c),CONCAT(0x27,0x7c,0x5f,0x7c),CONCAT(0x27,0x7c,0x5f,0x7c) /* 
	    ORDER BY post_time 
	    LIMIT 0, 1
2010-07-05 08:44:24	Get POSTS_TEXT_TABLE failed.
	SELECT post_subject, post_text 
	    FROM phpbb_posts_text 
	    WHERE post_id = 
2010-07-05 08:44:24	Get USERS_TABLE failed.
	SELECT username, user_password, user_email 
	    FROM phpbb_users 
	    WHERE user_id = 
2010-07-05 08:44:24	Get TOPICS_TABLE failed.
	SELECT forum_id, topic_replies 
	    FROM phpbb_topics 
	    WHERE topic_id = 2278 and 1=2 union select CONCAT(0x27,0x7c,0x5f,0x7c),CONCAT(0x27,0x7c,0x5f,0x7c),CONCAT(0x27,0x7c,0x5f,0x7c),CONCAT(0x27,0x7c,0x5f,0x7c),CONCAT(0x27,0x7c,0x5f,0x7c),CONCAT(0x27,0x7c,0x5f,0x7c),CONCAT(0x27,0x7c,0x5f,0x7c),CONCAT(0x27,0x7c,0x5f,0x7c),CONCAT(0x27,0x7c,0x5f,0x7c),CONCAT(0x27,0x7c,0x5f,0x7c),CONCAT(0x27,0x7c,0x5f,0x7c),CONCAT(0x27,0x7c,0x5f,0x7c),CONCAT(0x27,0x7c,0x5f,0x7c),CONCAT(0x27,0x7c,0x5f,0x7c),CONCAT(0x27,0x7c,0x5f,0x7c) /*
2010-07-05 08:44:24	Get FORUMS_TABLE failed.
	SELECT cat_id, forum_topics, auth_read, auth_post, auth_reply 
	    FROM phpbb_forums 
	    WHERE forum_id = 
